2023-07-23 14:56:06,480 INFO org.hibernate.validator.internal.util.Version [background-preinit] HV000001: Hibernate Validator 6.2.5.Final
2023-07-23 14:56:06,494 INFO org.springframework.boot.StartupInfoLogger [restartedMain] Starting RentalAppApplication using Java 17.0.1 on LAPTOP-H358RO2F with PID 4404 (C:\Users\karth\OneDrive\Documents\Fiverr\Orders\alkisazna_spring_b_react_mysql_thymel_form_registratiob\second_order\rentalapp\target\classes started by karth in C:\Users\karth\OneDrive\Documents\Fiverr\Orders\alkisazna_spring_b_react_mysql_thymel_form_registratiob\second_order\rentalapp)
2023-07-23 14:56:06,495 INFO org.springframework.boot.SpringApplication [restartedMain] No active profile set, falling back to 1 default profile: "default"
2023-07-23 14:56:06,577 INFO org.springframework.boot.logging.DeferredLog [restartedMain] Devtools property defaults active! Set 'spring.devtools.add-properties' to 'false' to disable
2023-07-23 14:56:06,578 INFO org.springframework.boot.logging.DeferredLog [restartedMain] For additional web related logging consider setting the 'logging.level.web' property to 'DEBUG'
2023-07-23 14:56:07,675 INFO org.springframework.data.repository.config.RepositoryConfigurationDelegate [restartedMain] Bootstrapping Spring Data JPA repositories in DEFAULT mode.
2023-07-23 14:56:07,786 INFO org.springframework.data.repository.config.RepositoryConfigurationDelegate [restartedMain] Finished Spring Data repository scanning in 101 ms. Found 10 JPA repository interfaces.
2023-07-23 14:56:08,534 INFO org.springframework.boot.web.embedded.tomcat.TomcatWebServer [restartedMain] Tomcat initialized with port(s): 8080 (http)
2023-07-23 14:56:08,543 INFO org.apache.juli.logging.DirectJDKLog [restartedMain] Initializing ProtocolHandler ["http-nio-8080"]
2023-07-23 14:56:08,543 INFO org.apache.juli.logging.DirectJDKLog [restartedMain] Starting service [Tomcat]
2023-07-23 14:56:08,544 INFO org.apache.juli.logging.DirectJDKLog [restartedMain] Starting Servlet engine: [Apache Tomcat/9.0.70]
2023-07-23 14:56:08,642 INFO org.apache.juli.logging.DirectJDKLog [restartedMain] Initializing Spring embedded WebApplicationContext
2023-07-23 14:56:08,642 INFO org.springframework.boot.web.servlet.context.ServletWebServerApplicationContext [restartedMain] Root WebApplicationContext: initialization completed in 2063 ms
2023-07-23 14:56:08,805 INFO org.hibernate.jpa.internal.util.LogHelper [restartedMain] HHH000204: Processing PersistenceUnitInfo [name: default]
2023-07-23 14:56:08,848 INFO org.hibernate.Version [restartedMain] HHH000412: Hibernate ORM core version 5.6.14.Final
2023-07-23 14:56:09,007 INFO org.hibernate.annotations.common.reflection.java.JavaReflectionManager [restartedMain] HCANN000001: Hibernate Commons Annotations {5.1.2.Final}
2023-07-23 14:56:09,114 INFO com.zaxxer.hikari.HikariDataSource [restartedMain] HikariPool-1 - Starting...
2023-07-23 14:56:09,121 WARN com.zaxxer.hikari.util.DriverDataSource [restartedMain] Registered driver with driverClassName=com.mysql.jdbc.Driver was not found, trying direct instantiation.
2023-07-23 14:56:09,466 INFO com.zaxxer.hikari.HikariDataSource [restartedMain] HikariPool-1 - Start completed.
2023-07-23 14:56:09,497 INFO org.hibernate.dialect.Dialect [restartedMain] HHH000400: Using dialect: org.hibernate.dialect.MySQL8Dialect
2023-07-23 14:56:12,148 INFO org.hibernate.engine.transaction.jta.platform.internal.JtaPlatformInitiator [restartedMain] HHH000490: Using JtaPlatform implementation: [org.hibernate.engine.transaction.jta.platform.internal.NoJtaPlatform]
2023-07-23 14:56:12,155 INFO org.springframework.orm.jpa.AbstractEntityManagerFactoryBean [restartedMain] Initialized JPA EntityManagerFactory for persistence unit 'default'
2023-07-23 14:56:13,056 WARN org.springframework.boot.autoconfigure.orm.jpa.JpaBaseConfiguration$JpaWebConfiguration [restartedMain] spring.jpa.open-in-view is enabled by default. Therefore, database queries may be performed during view rendering. Explicitly configure spring.jpa.open-in-view to disable this warning
2023-07-23 14:56:13,727 INFO org.springframework.security.web.DefaultSecurityFilterChain [restartedMain] Will secure any request with [org.springframework.security.web.session.DisableEncodeUrlFilter@77b7535d, org.springframework.security.web.context.request.async.WebAsyncManagerIntegrationFilter@1656168, org.springframework.security.web.context.SecurityContextPersistenceFilter@72f13976, org.springframework.security.web.header.HeaderWriterFilter@2c5859b8, org.springframework.web.filter.CorsFilter@7cbcc79a, org.springframework.security.web.authentication.logout.LogoutFilter@1357aef9, com.rentalapp.security.jwt.AuthTokenFilter@5818e041, org.springframework.security.web.savedrequest.RequestCacheAwareFilter@6cbbbad9, org.springframework.security.web.servletapi.SecurityContextHolderAwareRequestFilter@5971533f, org.springframework.security.web.authentication.AnonymousAuthenticationFilter@2c322496, org.springframework.security.web.session.SessionManagementFilter@4dfdcba6, org.springframework.security.web.access.ExceptionTranslationFilter@8b328ef, org.springframework.security.web.access.intercept.FilterSecurityInterceptor@48691117]
2023-07-23 14:56:14,067 INFO org.springframework.boot.devtools.autoconfigure.OptionalLiveReloadServer [restartedMain] LiveReload server is running on port 35729
2023-07-23 14:56:14,095 INFO org.apache.juli.logging.DirectJDKLog [restartedMain] Starting ProtocolHandler ["http-nio-8080"]
2023-07-23 14:56:14,120 INFO org.springframework.boot.web.embedded.tomcat.TomcatWebServer [restartedMain] Tomcat started on port(s): 8080 (http) with context path ''
2023-07-23 14:56:14,135 INFO org.springframework.boot.StartupInfoLogger [restartedMain] Started RentalAppApplication in 8.183 seconds (JVM running for 9.018)
2023-07-23 15:21:56,051 INFO org.apache.juli.logging.DirectJDKLog [http-nio-8080-exec-1] Initializing Spring DispatcherServlet 'dispatcherServlet'
2023-07-23 15:21:56,053 INFO org.springframework.web.servlet.FrameworkServlet [http-nio-8080-exec-1] Initializing Servlet 'dispatcherServlet'
2023-07-23 15:21:56,056 INFO org.springframework.web.servlet.FrameworkServlet [http-nio-8080-exec-1] Completed initialization in 3 ms
2023-07-23 15:39:37,429 ERROR com.rentalapp.security.jwt.AuthEntryPointJwt [http-nio-8080-exec-9] Unauthorized error: Full authentication is required to access this resource
2023-07-23 15:39:37,999 ERROR com.rentalapp.security.jwt.AuthEntryPointJwt [http-nio-8080-exec-1] Unauthorized error: Full authentication is required to access this resource
2023-07-23 15:39:38,323 ERROR com.rentalapp.security.jwt.AuthEntryPointJwt [http-nio-8080-exec-2] Unauthorized error: Full authentication is required to access this resource
2023-07-23 15:39:38,382 ERROR com.rentalapp.security.jwt.AuthEntryPointJwt [http-nio-8080-exec-3] Unauthorized error: Full authentication is required to access this resource
2023-07-23 15:39:38,402 ERROR com.rentalapp.security.jwt.AuthEntryPointJwt [http-nio-8080-exec-4] Unauthorized error: Full authentication is required to access this resource
2023-07-23 15:39:38,420 ERROR com.rentalapp.security.jwt.AuthEntryPointJwt [http-nio-8080-exec-5] Unauthorized error: Full authentication is required to access this resource
2023-07-23 15:45:03,128 ERROR com.rentalapp.security.jwt.AuthEntryPointJwt [http-nio-8080-exec-8] Unauthorized error: Full authentication is required to access this resource
2023-07-23 15:45:03,370 ERROR com.rentalapp.security.jwt.AuthEntryPointJwt [http-nio-8080-exec-7] Unauthorized error: Full authentication is required to access this resource
2023-07-23 16:06:44,074 ERROR com.rentalapp.security.jwt.AuthEntryPointJwt [http-nio-8080-exec-6] Unauthorized error: Full authentication is required to access this resource
2023-07-23 16:06:44,286 ERROR com.rentalapp.security.jwt.AuthEntryPointJwt [http-nio-8080-exec-10] Unauthorized error: Full authentication is required to access this resource
2023-07-23 16:06:44,341 ERROR com.rentalapp.security.jwt.AuthEntryPointJwt [http-nio-8080-exec-9] Unauthorized error: Full authentication is required to access this resource
2023-07-23 16:06:44,357 ERROR com.rentalapp.security.jwt.AuthEntryPointJwt [http-nio-8080-exec-1] Unauthorized error: Full authentication is required to access this resource
2023-07-23 16:55:18,044 WARN com.zaxxer.hikari.pool.HikariPool$HouseKeeper [HikariPool-1 housekeeper] HikariPool-1 - Thread starvation or clock leap detected (housekeeper delta=9m36s614ms550µs900ns).
2023-07-23 17:00:52,422 ERROR com.rentalapp.security.jwt.AuthEntryPointJwt [http-nio-8080-exec-4] Unauthorized error: Full authentication is required to access this resource
2023-07-23 17:20:37,106 WARN com.zaxxer.hikari.pool.HikariPool$HouseKeeper [HikariPool-1 housekeeper] HikariPool-1 - Thread starvation or clock leap detected (housekeeper delta=7m18s790ms925µs300ns).
2023-07-23 17:23:22,672 ERROR com.rentalapp.security.jwt.AuthEntryPointJwt [http-nio-8080-exec-5] Unauthorized error: Full authentication is required to access this resource
2023-07-23 17:36:24,391 ERROR com.rentalapp.security.jwt.AuthEntryPointJwt [http-nio-8080-exec-6] Unauthorized error: Full authentication is required to access this resource
2023-07-23 17:36:27,491 ERROR com.rentalapp.security.jwt.AuthEntryPointJwt [http-nio-8080-exec-10] Unauthorized error: Full authentication is required to access this resource
2023-07-23 17:46:54,209 ERROR com.rentalapp.security.jwt.AuthEntryPointJwt [http-nio-8080-exec-9] Unauthorized error: Full authentication is required to access this resource
2023-07-23 17:51:00,047 ERROR com.rentalapp.security.jwt.AuthEntryPointJwt [http-nio-8080-exec-1] Unauthorized error: Full authentication is required to access this resource
2023-07-23 19:10:44,499 ERROR com.rentalapp.security.jwt.AuthEntryPointJwt [http-nio-8080-exec-2] Unauthorized error: Full authentication is required to access this resource
2023-07-23 19:55:50,481 INFO org.springframework.boot.admin.SpringApplicationAdminMXBeanRegistrar$SpringApplicationAdmin [RMI TCP Connection(297)-127.0.0.1] Application shutdown requested.
2023-07-23 19:55:50,626 INFO org.apache.juli.logging.DirectJDKLog [RMI TCP Connection(297)-127.0.0.1] Pausing ProtocolHandler ["http-nio-8080"]
2023-07-23 19:55:50,628 INFO org.apache.juli.logging.DirectJDKLog [RMI TCP Connection(297)-127.0.0.1] Stopping service [Tomcat]
2023-07-23 19:55:50,639 INFO org.apache.juli.logging.DirectJDKLog [RMI TCP Connection(297)-127.0.0.1] Destroying Spring FrameworkServlet 'dispatcherServlet'
2023-07-23 19:55:50,669 WARN org.apache.juli.logging.DirectJDKLog [RMI TCP Connection(297)-127.0.0.1] The web application [ROOT] appears to have started a thread named [HikariPool-1 housekeeper] but has failed to stop it. This is very likely to create a memory leak. Stack trace of thread:
 java.base@17.0.1/jdk.internal.misc.Unsafe.park(Native Method)
 java.base@17.0.1/java.util.concurrent.locks.LockSupport.parkNanos(LockSupport.java:252)
 java.base@17.0.1/java.util.concurrent.locks.AbstractQueuedSynchronizer$ConditionObject.awaitNanos(AbstractQueuedSynchronizer.java:1672)
 java.base@17.0.1/java.util.concurrent.ScheduledThreadPoolExecutor$DelayedWorkQueue.take(ScheduledThreadPoolExecutor.java:1182)
 java.base@17.0.1/java.util.concurrent.ScheduledThreadPoolExecutor$DelayedWorkQueue.take(ScheduledThreadPoolExecutor.java:899)
 java.base@17.0.1/java.util.concurrent.ThreadPoolExecutor.getTask(ThreadPoolExecutor.java:1062)
 java.base@17.0.1/java.util.concurrent.ThreadPoolExecutor.runWorker(ThreadPoolExecutor.java:1122)
 java.base@17.0.1/java.util.concurrent.ThreadPoolExecutor$Worker.run(ThreadPoolExecutor.java:635)
 java.base@17.0.1/java.lang.Thread.run(Thread.java:833)
2023-07-23 19:55:50,675 INFO org.apache.juli.logging.DirectJDKLog [RMI TCP Connection(297)-127.0.0.1] Stopping ProtocolHandler ["http-nio-8080"]
2023-07-23 19:55:50,684 INFO org.apache.juli.logging.DirectJDKLog [RMI TCP Connection(297)-127.0.0.1] Destroying ProtocolHandler ["http-nio-8080"]
2023-07-23 19:55:50,720 INFO org.springframework.orm.jpa.AbstractEntityManagerFactoryBean [RMI TCP Connection(297)-127.0.0.1] Closing JPA EntityManagerFactory for persistence unit 'default'
2023-07-23 19:55:50,766 INFO com.zaxxer.hikari.HikariDataSource [RMI TCP Connection(297)-127.0.0.1] HikariPool-1 - Shutdown initiated...
2023-07-23 19:55:50,778 INFO com.zaxxer.hikari.HikariDataSource [RMI TCP Connection(297)-127.0.0.1] HikariPool-1 - Shutdown completed.
