2023-03-25 09:36:27,767 INFO org.hibernate.validator.internal.util.Version [background-preinit] HV000001: Hibernate Validator 6.2.5.Final
2023-03-25 09:36:27,798 INFO org.springframework.boot.StartupInfoLogger [restartedMain] Starting TheatreManagementApplication using Java 17.0.4.1 on DESKTOP-2F7T33D with PID 14380 (C:\Users\ADMIN\Documents\workspace-spring-tool-suite-4-4.16.1.RELEASE\manoj\theatremanagement\target\classes started by ADMIN in C:\Users\ADMIN\Documents\workspace-spring-tool-suite-4-4.16.1.RELEASE\manoj\theatremanagement)
2023-03-25 09:36:27,799 INFO org.springframework.boot.SpringApplication [restartedMain] No active profile set, falling back to 1 default profile: "default"
2023-03-25 09:36:27,925 INFO org.springframework.boot.logging.DeferredLog [restartedMain] Devtools property defaults active! Set 'spring.devtools.add-properties' to 'false' to disable
2023-03-25 09:36:27,925 INFO org.springframework.boot.logging.DeferredLog [restartedMain] For additional web related logging consider setting the 'logging.level.web' property to 'DEBUG'
2023-03-25 09:36:32,234 INFO org.springframework.data.repository.config.RepositoryConfigurationDelegate [restartedMain] Bootstrapping Spring Data JPA repositories in DEFAULT mode.
2023-03-25 09:36:32,396 INFO org.springframework.data.repository.config.RepositoryConfigurationDelegate [restartedMain] Finished Spring Data repository scanning in 142 ms. Found 8 JPA repository interfaces.
2023-03-25 09:36:33,724 INFO org.springframework.boot.web.embedded.tomcat.TomcatWebServer [restartedMain] Tomcat initialized with port(s): 8080 (http)
2023-03-25 09:36:33,740 INFO org.apache.juli.logging.DirectJDKLog [restartedMain] Initializing ProtocolHandler ["http-nio-8080"]
2023-03-25 09:36:33,741 INFO org.apache.juli.logging.DirectJDKLog [restartedMain] Starting service [Tomcat]
2023-03-25 09:36:33,742 INFO org.apache.juli.logging.DirectJDKLog [restartedMain] Starting Servlet engine: [Apache Tomcat/9.0.70]
2023-03-25 09:36:33,930 INFO org.apache.juli.logging.DirectJDKLog [restartedMain] Initializing Spring embedded WebApplicationContext
2023-03-25 09:36:33,933 INFO org.springframework.boot.web.servlet.context.ServletWebServerApplicationContext [restartedMain] Root WebApplicationContext: initialization completed in 6007 ms
2023-03-25 09:36:34,291 INFO org.hibernate.jpa.internal.util.LogHelper [restartedMain] HHH000204: Processing PersistenceUnitInfo [name: default]
2023-03-25 09:36:34,392 INFO org.hibernate.Version [restartedMain] HHH000412: Hibernate ORM core version 5.6.14.Final
2023-03-25 09:36:34,693 INFO org.hibernate.annotations.common.reflection.java.JavaReflectionManager [restartedMain] HCANN000001: Hibernate Commons Annotations {5.1.2.Final}
2023-03-25 09:36:34,843 INFO com.zaxxer.hikari.HikariDataSource [restartedMain] HikariPool-1 - Starting...
2023-03-25 09:36:34,852 WARN com.zaxxer.hikari.util.DriverDataSource [restartedMain] Registered driver with driverClassName=com.mysql.jdbc.Driver was not found, trying direct instantiation.
2023-03-25 09:36:35,265 INFO com.zaxxer.hikari.HikariDataSource [restartedMain] HikariPool-1 - Start completed.
2023-03-25 09:36:35,321 INFO org.hibernate.dialect.Dialect [restartedMain] HHH000400: Using dialect: org.hibernate.dialect.MySQL8Dialect
2023-03-25 09:36:36,633 INFO org.hibernate.engine.transaction.jta.platform.internal.JtaPlatformInitiator [restartedMain] HHH000490: Using JtaPlatform implementation: [org.hibernate.engine.transaction.jta.platform.internal.NoJtaPlatform]
2023-03-25 09:36:36,648 INFO org.springframework.orm.jpa.AbstractEntityManagerFactoryBean [restartedMain] Initialized JPA EntityManagerFactory for persistence unit 'default'
2023-03-25 09:36:37,780 WARN org.springframework.boot.autoconfigure.orm.jpa.JpaBaseConfiguration$JpaWebConfiguration [restartedMain] spring.jpa.open-in-view is enabled by default. Therefore, database queries may be performed during view rendering. Explicitly configure spring.jpa.open-in-view to disable this warning
2023-03-25 09:36:37,824 INFO org.springframework.boot.autoconfigure.web.servlet.WelcomePageHandlerMapping [restartedMain] Adding welcome page: class path resource [static/index.html]
2023-03-25 09:36:38,687 INFO org.springframework.security.web.DefaultSecurityFilterChain [restartedMain] Will secure any request with [org.springframework.security.web.session.DisableEncodeUrlFilter@3c8240c9, org.springframework.security.web.context.request.async.WebAsyncManagerIntegrationFilter@38323181, org.springframework.security.web.context.SecurityContextPersistenceFilter@32fed3b8, org.springframework.security.web.header.HeaderWriterFilter@a842c33, org.springframework.web.filter.CorsFilter@172a4983, org.springframework.security.web.authentication.logout.LogoutFilter@7351a7cc, com.example.demo.security.security.jwt.AuthTokenFilter@8363405, org.springframework.security.web.savedrequest.RequestCacheAwareFilter@4daed7f3, org.springframework.security.web.servletapi.SecurityContextHolderAwareRequestFilter@1062a45b, org.springframework.security.web.authentication.AnonymousAuthenticationFilter@f422e68, org.springframework.security.web.session.SessionManagementFilter@61c0dde, org.springframework.security.web.access.ExceptionTranslationFilter@3548ecdb, org.springframework.security.web.access.intercept.FilterSecurityInterceptor@a0929a]
2023-03-25 09:36:39,201 INFO org.springframework.boot.devtools.autoconfigure.OptionalLiveReloadServer [restartedMain] LiveReload server is running on port 35729
2023-03-25 09:36:39,248 INFO org.apache.juli.logging.DirectJDKLog [restartedMain] Starting ProtocolHandler ["http-nio-8080"]
2023-03-25 09:36:39,285 INFO org.springframework.boot.web.embedded.tomcat.TomcatWebServer [restartedMain] Tomcat started on port(s): 8080 (http) with context path ''
2023-03-25 09:36:39,305 INFO org.springframework.boot.StartupInfoLogger [restartedMain] Started TheatreManagementApplication in 13.028 seconds (JVM running for 15.922)
2023-03-25 09:39:31,642 INFO org.apache.juli.logging.DirectJDKLog [http-nio-8080-exec-1] Initializing Spring DispatcherServlet 'dispatcherServlet'
2023-03-25 09:39:31,643 INFO org.springframework.web.servlet.FrameworkServlet [http-nio-8080-exec-1] Initializing Servlet 'dispatcherServlet'
2023-03-25 09:39:31,646 INFO org.springframework.web.servlet.FrameworkServlet [http-nio-8080-exec-1] Completed initialization in 3 ms
2023-03-25 09:39:33,833 INFO com.example.demo.controller.CinemaController [http-nio-8080-exec-5] get a theatre
2023-03-25 09:39:39,851 INFO com.example.demo.controller.CinemaController [http-nio-8080-exec-6] get a theatre
2023-03-25 09:39:40,652 INFO com.example.demo.controller.CinemaController [http-nio-8080-exec-8] get a theatre
2023-03-25 09:39:42,666 INFO com.example.demo.controller.CinemaController [http-nio-8080-exec-10] get a theatre
2023-03-25 09:39:43,459 INFO com.example.demo.controller.CinemaController [http-nio-8080-exec-1] get a theatre
2023-03-25 09:40:17,631 INFO com.example.demo.controller.CinemaController [http-nio-8080-exec-3] get a theatre
2023-03-25 09:40:22,495 INFO com.example.demo.controller.CinemaController [http-nio-8080-exec-5] get a theatre
2023-03-25 09:40:31,054 INFO com.example.demo.controller.TheatreController [http-nio-8080-exec-9] get a alltheatre
2023-03-25 09:40:36,087 INFO com.example.demo.controller.CinemaController [http-nio-8080-exec-8] get a theatre
2023-03-25 09:46:00,866 INFO com.example.demo.controller.CinemaController [http-nio-8080-exec-1] get a theatre
2023-03-25 09:56:41,233 INFO com.example.demo.controller.CinemaController [http-nio-8080-exec-5] get a theatre
2023-03-25 09:58:19,662 INFO com.example.demo.controller.CinemaController [http-nio-8080-exec-6] get a theatre
2023-03-25 10:01:56,174 INFO com.example.demo.controller.CinemaController [http-nio-8080-exec-8] get a theatre
2023-03-25 10:03:36,030 INFO com.example.demo.controller.CinemaController [http-nio-8080-exec-4] get a theatre
2023-03-25 10:04:02,678 INFO com.example.demo.controller.CinemaController [http-nio-8080-exec-5] get a theatre
2023-03-25 10:04:05,683 INFO com.example.demo.controller.CinemaController [http-nio-8080-exec-7] get a theatre
2023-03-25 10:04:21,392 INFO com.example.demo.controller.CinemaController [http-nio-8080-exec-6] get a theatre
2023-03-25 10:04:23,360 INFO com.example.demo.controller.CinemaController [http-nio-8080-exec-9] get a theatre
2023-03-25 10:14:20,708 INFO com.example.demo.controller.CinemaController [http-nio-8080-exec-1] get a theatre
2023-03-25 10:24:23,482 INFO org.springdoc.api.AbstractOpenApiResource [http-nio-8080-exec-9] Init duration for springdoc-openapi is: 1777 ms
2023-03-25 10:38:37,765 INFO com.example.demo.controller.CinemaController [http-nio-8080-exec-3] get a theatre
2023-03-25 10:39:10,342 INFO com.example.demo.controller.CinemaController [http-nio-8080-exec-5] get a theatre
2023-03-25 10:40:27,223 INFO com.example.demo.controller.CinemaController [http-nio-8080-exec-10] get a theatre
2023-03-25 10:51:27,555 INFO com.example.demo.controller.CinemaController [http-nio-8080-exec-1] get a theatre
2023-03-25 10:51:42,860 INFO com.example.demo.controller.CinemaController [http-nio-8080-exec-2] get a theatre
2023-03-25 10:54:30,794 INFO com.example.demo.controller.CinemaController [http-nio-8080-exec-5] get a theatre
2023-03-25 10:55:23,543 INFO com.example.demo.controller.CinemaController [http-nio-8080-exec-8] get a theatre
2023-03-25 10:56:19,216 INFO com.example.demo.controller.CinemaController [http-nio-8080-exec-1] get a theatre
2023-03-25 10:56:26,489 INFO com.example.demo.controller.CinemaController [http-nio-8080-exec-3] get a theatre
2023-03-25 11:07:32,250 INFO com.example.demo.controller.CinemaController [http-nio-8080-exec-7] get a theatre
2023-03-25 11:08:09,384 INFO com.example.demo.controller.CinemaController [http-nio-8080-exec-5] get a theatre
2023-03-25 11:16:50,503 INFO com.example.demo.controller.CinemaController [http-nio-8080-exec-10] get a theatre
2023-03-25 11:17:49,165 INFO com.example.demo.controller.CinemaController [http-nio-8080-exec-9] get a theatre
2023-03-25 11:24:05,678 INFO com.example.demo.controller.CinemaController [http-nio-8080-exec-3] get a theatre
2023-03-25 11:28:09,349 INFO com.example.demo.controller.CinemaController [http-nio-8080-exec-7] get a theatre
2023-03-25 11:28:46,419 INFO com.example.demo.controller.CinemaController [http-nio-8080-exec-5] get a theatre
2023-03-25 11:33:59,573 INFO com.example.demo.controller.UserController [http-nio-8080-exec-2] User Register username=Prakash
2023-03-25 11:34:34,542 INFO com.example.demo.controller.CinemaController [http-nio-8080-exec-4] get a theatre
2023-03-25 11:35:04,070 INFO com.example.demo.controller.CinemaController [http-nio-8080-exec-5] get a theatre
2023-03-25 11:35:58,836 INFO com.example.demo.controller.CinemaController [http-nio-8080-exec-10] get a theatre
2023-03-25 11:36:28,239 INFO com.example.demo.controller.CinemaController [http-nio-8080-exec-9] get a theatre
2023-03-25 11:36:36,837 INFO com.example.demo.controller.CinemaController [http-nio-8080-exec-2] get a theatre
2023-03-25 11:36:49,108 INFO com.example.demo.controller.CinemaController [http-nio-8080-exec-7] get a theatre
2023-03-25 11:36:49,561 INFO com.example.demo.controller.CinemaController [http-nio-8080-exec-6] get a theatre
2023-03-25 11:36:52,471 INFO com.example.demo.controller.CinemaController [http-nio-8080-exec-10] get a theatre
2023-03-25 11:36:54,389 INFO com.example.demo.controller.CinemaController [http-nio-8080-exec-9] get a theatre
2023-03-25 11:36:55,274 INFO com.example.demo.controller.CinemaController [http-nio-8080-exec-2] get a theatre
2023-03-25 11:36:58,309 INFO com.example.demo.controller.CinemaController [http-nio-8080-exec-3] get a theatre
2023-03-25 11:37:00,562 INFO com.example.demo.controller.CinemaController [http-nio-8080-exec-4] get a theatre
2023-03-25 11:37:03,017 INFO com.example.demo.controller.CinemaController [http-nio-8080-exec-5] get a theatre
2023-03-25 11:37:03,360 INFO com.example.demo.controller.CinemaController [http-nio-8080-exec-10] get a theatre
2023-03-25 11:37:03,727 INFO com.example.demo.controller.CinemaController [http-nio-8080-exec-9] get a theatre
2023-03-25 11:37:05,059 INFO com.example.demo.controller.CinemaController [http-nio-8080-exec-2] get a theatre
2023-03-25 11:37:07,301 INFO com.example.demo.controller.CinemaController [http-nio-8080-exec-3] get a theatre
2023-03-25 11:40:28,130 INFO com.example.demo.controller.CinemaController [http-nio-8080-exec-7] get a theatre
2023-03-25 11:41:46,812 INFO com.example.demo.controller.CinemaController [http-nio-8080-exec-6] get a theatre
2023-03-25 11:41:56,980 INFO com.example.demo.controller.CinemaController [http-nio-8080-exec-8] get a theatre
2023-03-25 11:42:51,135 INFO com.example.demo.controller.CinemaController [http-nio-8080-exec-1] get a theatre
2023-03-25 11:52:09,423 INFO com.example.demo.controller.CinemaController [http-nio-8080-exec-3] get a theatre
2023-03-25 12:02:53,321 INFO com.example.demo.controller.CinemaController [http-nio-8080-exec-5] get a theatre
2023-03-25 12:04:14,903 INFO com.example.demo.controller.CinemaController [http-nio-8080-exec-10] get a theatre
2023-03-25 12:17:14,016 INFO com.example.demo.controller.CinemaController [http-nio-8080-exec-9] get a theatre
2023-03-25 12:18:38,186 INFO com.example.demo.controller.CinemaController [http-nio-8080-exec-2] get a theatre
2023-03-25 12:19:48,502 INFO com.example.demo.controller.CinemaController [http-nio-8080-exec-4] get a theatre
2023-03-25 12:21:01,963 INFO com.example.demo.controller.CinemaController [http-nio-8080-exec-5] get a theatre
2023-03-25 12:23:55,674 INFO com.example.demo.controller.CinemaController [http-nio-8080-exec-10] get a theatre
2023-03-25 12:24:25,822 INFO com.example.demo.controller.CinemaController [http-nio-8080-exec-8] get a theatre
2023-03-25 12:24:57,162 INFO com.example.demo.controller.CinemaController [http-nio-8080-exec-9] get a theatre
2023-03-25 12:25:41,694 INFO com.example.demo.controller.CinemaController [http-nio-8080-exec-1] get a theatre
2023-03-25 12:26:15,135 INFO com.example.demo.controller.CinemaController [http-nio-8080-exec-2] get a theatre
2023-03-25 12:27:16,573 INFO com.example.demo.controller.CinemaController [http-nio-8080-exec-4] get a theatre
2023-03-25 12:36:19,200 INFO com.example.demo.controller.CinemaController [http-nio-8080-exec-6] get a theatre
2023-03-25 12:37:23,552 INFO com.example.demo.controller.CinemaController [http-nio-8080-exec-8] get a theatre
2023-03-25 12:38:39,349 INFO com.example.demo.controller.CinemaController [http-nio-8080-exec-1] get a theatre
2023-03-25 12:39:30,674 INFO com.example.demo.controller.CinemaController [http-nio-8080-exec-3] get a theatre
2023-03-25 12:40:08,368 INFO com.example.demo.controller.CinemaController [http-nio-8080-exec-7] get a theatre
2023-03-25 12:41:28,223 INFO com.example.demo.controller.CinemaController [http-nio-8080-exec-6] get a theatre
2023-03-25 12:44:08,360 INFO com.example.demo.controller.CinemaController [http-nio-8080-exec-8] get a theatre
2023-03-25 12:50:50,498 INFO com.example.demo.controller.CinemaController [http-nio-8080-exec-1] get a theatre
2023-03-25 12:52:37,598 INFO com.example.demo.controller.CinemaController [http-nio-8080-exec-3] get a theatre
2023-03-25 12:56:16,774 INFO com.example.demo.controller.CinemaController [http-nio-8080-exec-7] get a theatre
2023-03-25 12:57:21,026 INFO com.example.demo.controller.CinemaController [http-nio-8080-exec-6] get a theatre
2023-03-25 12:57:45,755 INFO com.example.demo.controller.CinemaController [http-nio-8080-exec-10] get a theatre
2023-03-25 12:59:12,375 INFO com.example.demo.controller.CinemaController [http-nio-8080-exec-9] get a theatre
2023-03-25 13:00:19,792 INFO com.example.demo.controller.CinemaController [http-nio-8080-exec-2] get a theatre
2023-03-25 13:02:08,425 INFO com.example.demo.controller.CinemaController [http-nio-8080-exec-4] get a theatre
2023-03-25 13:04:49,189 INFO com.example.demo.controller.CinemaController [http-nio-8080-exec-5] get a theatre
2023-03-25 13:07:24,156 INFO com.example.demo.controller.CinemaController [http-nio-8080-exec-8] get a theatre
2023-03-25 13:08:01,323 INFO com.example.demo.controller.CinemaController [http-nio-8080-exec-9] get a theatre
2023-03-25 13:14:07,658 INFO com.example.demo.controller.CinemaController [http-nio-8080-exec-3] get a theatre
2023-03-25 13:14:11,095 INFO com.example.demo.controller.CinemaController [http-nio-8080-exec-4] get a theatre
2023-03-25 13:26:16,233 INFO com.example.demo.controller.CinemaController [http-nio-8080-exec-5] get a theatre
2023-03-25 13:29:08,665 INFO com.example.demo.controller.CinemaController [http-nio-8080-exec-10] get a theatre
2023-03-25 14:40:26,701 WARN com.zaxxer.hikari.pool.HikariPool$HouseKeeper [HikariPool-1 housekeeper] HikariPool-1 - Thread starvation or clock leap detected (housekeeper delta=1h7m47s46ms57µs900ns).
2023-03-25 14:41:51,648 INFO com.example.demo.controller.CinemaController [http-nio-8080-exec-1] get a theatre
2023-03-25 16:28:41,700 WARN com.zaxxer.hikari.pool.HikariPool$HouseKeeper [HikariPool-1 housekeeper] HikariPool-1 - Thread starvation or clock leap detected (housekeeper delta=1h25m44s703ms602µs200ns).
2023-03-25 16:37:34,842 WARN com.zaxxer.hikari.pool.HikariPool$HouseKeeper [HikariPool-1 housekeeper] HikariPool-1 - Thread starvation or clock leap detected (housekeeper delta=7m23s80ms172µs200ns).
2023-03-25 16:37:55,654 INFO com.example.demo.controller.CinemaController [http-nio-8080-exec-4] get a theatre
2023-03-25 16:39:12,410 INFO com.example.demo.controller.CinemaController [http-nio-8080-exec-5] get a theatre
2023-03-25 16:39:29,074 INFO com.example.demo.controller.CinemaController [http-nio-8080-exec-6] get a theatre
2023-03-25 16:39:38,171 INFO com.example.demo.controller.CinemaController [http-nio-8080-exec-10] get a theatre
2023-03-25 16:39:48,174 INFO com.example.demo.controller.CinemaController [http-nio-8080-exec-9] get a theatre
2023-03-25 16:39:48,627 INFO com.example.demo.controller.CinemaController [http-nio-8080-exec-2] get a theatre
2023-03-25 16:39:50,495 INFO com.example.demo.controller.CinemaController [http-nio-8080-exec-3] get a theatre
2023-03-25 16:39:51,665 INFO com.example.demo.controller.CinemaController [http-nio-8080-exec-4] get a theatre
2023-03-25 16:43:07,318 INFO com.example.demo.controller.CinemaController [http-nio-8080-exec-5] get a theatre
2023-03-25 16:43:45,942 INFO com.example.demo.controller.CinemaController [http-nio-8080-exec-6] get a theatre
2023-03-25 16:44:56,277 INFO com.example.demo.controller.CinemaController [http-nio-8080-exec-8] get a theatre
2023-03-25 16:45:40,111 INFO com.example.demo.controller.CinemaController [http-nio-8080-exec-9] get a theatre
2023-03-25 16:48:39,463 INFO com.example.demo.controller.CinemaController [http-nio-8080-exec-2] get a theatre
2023-03-25 16:49:22,467 INFO com.example.demo.controller.CinemaController [http-nio-8080-exec-4] get a theatre
2023-03-25 16:54:02,957 INFO com.example.demo.controller.CinemaController [http-nio-8080-exec-5] get a theatre
2023-03-25 16:55:10,329 INFO com.example.demo.controller.CinemaController [http-nio-8080-exec-10] get a theatre
2023-03-25 16:56:07,441 INFO com.example.demo.controller.CinemaController [http-nio-8080-exec-8] get a theatre
2023-03-25 16:57:19,040 INFO com.example.demo.controller.CinemaController [http-nio-8080-exec-1] get a theatre
2023-03-25 17:02:13,762 INFO com.example.demo.controller.CinemaController [http-nio-8080-exec-3] get a theatre
2023-03-25 17:03:25,612 INFO com.example.demo.controller.CinemaController [http-nio-8080-exec-7] get a theatre
2023-03-25 17:20:48,164 INFO com.example.demo.controller.CinemaController [http-nio-8080-exec-6] get a theatre
2023-03-25 17:22:57,416 INFO com.example.demo.controller.CinemaController [http-nio-8080-exec-9] get a theatre
2023-03-25 17:24:00,617 INFO com.example.demo.controller.CinemaController [http-nio-8080-exec-1] get a theatre
2023-03-25 17:33:22,572 INFO com.example.demo.controller.CinemaController [http-nio-8080-exec-4] get a theatre
2023-03-25 17:33:59,517 INFO com.example.demo.controller.CinemaController [http-nio-8080-exec-7] get a theatre
2023-03-25 17:34:48,240 INFO com.example.demo.controller.CinemaController [http-nio-8080-exec-6] get a theatre
2023-03-25 17:35:53,251 INFO com.example.demo.controller.CinemaController [http-nio-8080-exec-9] get a theatre
2023-03-25 17:39:42,958 INFO com.example.demo.controller.CinemaController [http-nio-8080-exec-1] get a theatre
2023-03-25 17:44:53,586 INFO com.example.demo.controller.CinemaController [http-nio-8080-exec-4] get a theatre
2023-03-25 17:45:18,665 INFO com.example.demo.controller.CinemaController [http-nio-8080-exec-3] get a theatre
2023-03-25 17:47:08,563 INFO com.example.demo.controller.CinemaController [http-nio-8080-exec-5] get a theatre
2023-03-25 17:48:30,962 INFO com.example.demo.controller.CinemaController [http-nio-8080-exec-10] get a theatre
2023-03-25 17:49:28,396 INFO com.example.demo.controller.CinemaController [http-nio-8080-exec-9] get a theatre
2023-03-25 17:49:57,177 INFO com.example.demo.controller.CinemaController [http-nio-8080-exec-8] get a theatre
2023-03-25 17:50:54,783 INFO com.example.demo.controller.CinemaController [http-nio-8080-exec-2] get a theatre
2023-03-25 18:01:59,677 INFO com.example.demo.controller.CinemaController [http-nio-8080-exec-5] get a theatre
2023-03-25 18:02:10,389 INFO com.example.demo.controller.CinemaController [http-nio-8080-exec-10] get a theatre
2023-03-25 18:02:11,441 INFO com.example.demo.controller.CinemaController [http-nio-8080-exec-8] get a theatre
2023-03-25 18:02:14,023 INFO com.example.demo.controller.CinemaController [http-nio-8080-exec-1] get a theatre
2023-03-25 18:03:40,885 INFO com.example.demo.controller.CinemaController [http-nio-8080-exec-4] get a theatre
2023-03-25 18:13:43,996 INFO com.example.demo.controller.CinemaController [http-nio-8080-exec-6] get a theatre
2023-03-25 18:17:26,272 INFO com.example.demo.controller.CinemaController [http-nio-8080-exec-1] get a theatre
2023-03-25 18:27:23,904 INFO com.example.demo.controller.CinemaController [http-nio-8080-exec-4] get a theatre
2023-03-25 18:40:49,271 INFO com.example.demo.controller.CinemaController [http-nio-8080-exec-10] get a theatre
2023-03-25 18:40:59,714 INFO com.example.demo.controller.CinemaController [http-nio-8080-exec-9] get a theatre
2023-03-25 18:42:12,211 INFO com.example.demo.controller.CinemaController [http-nio-8080-exec-1] get a theatre
2023-03-25 18:43:58,210 INFO com.example.demo.controller.CinemaController [http-nio-8080-exec-4] get a theatre
2023-03-25 18:48:44,086 INFO com.example.demo.controller.CinemaController [http-nio-8080-exec-10] get a theatre
2023-03-25 18:50:04,714 INFO com.example.demo.controller.CinemaController [http-nio-8080-exec-7] get a theatre
2023-03-25 18:50:05,281 INFO com.example.demo.controller.CinemaController [http-nio-8080-exec-6] get a theatre
2023-03-25 18:50:07,604 INFO com.example.demo.controller.CinemaController [http-nio-8080-exec-10] get a theatre
2023-03-25 18:50:24,910 INFO com.example.demo.controller.CinemaController [http-nio-8080-exec-9] get a theatre
2023-03-25 18:55:49,371 ERROR com.example.demo.security.security.jwt.AuthEntryPointJwt [http-nio-8080-exec-2] Unauthorized error: Full authentication is required to access this resource
2023-03-25 18:55:49,460 ERROR com.example.demo.security.security.jwt.AuthEntryPointJwt [http-nio-8080-exec-4] Unauthorized error: Full authentication is required to access this resource
2023-03-25 18:55:51,864 ERROR com.example.demo.security.security.jwt.AuthEntryPointJwt [http-nio-8080-exec-3] Unauthorized error: Full authentication is required to access this resource
2023-03-25 18:55:51,886 ERROR com.example.demo.security.security.jwt.AuthEntryPointJwt [http-nio-8080-exec-7] Unauthorized error: Full authentication is required to access this resource
2023-03-25 20:09:41,971 INFO com.example.demo.controller.CinemaController [http-nio-8080-exec-1] get a theatre
2023-03-25 20:10:05,718 INFO org.springframework.boot.admin.SpringApplicationAdminMXBeanRegistrar$SpringApplicationAdmin [RMI TCP Connection(487)-127.0.0.1] Application shutdown requested.
2023-03-25 20:10:05,778 INFO org.apache.juli.logging.DirectJDKLog [RMI TCP Connection(487)-127.0.0.1] Pausing ProtocolHandler ["http-nio-8080"]
2023-03-25 20:10:05,779 INFO org.apache.juli.logging.DirectJDKLog [RMI TCP Connection(487)-127.0.0.1] Stopping service [Tomcat]
2023-03-25 20:10:05,787 INFO org.apache.juli.logging.DirectJDKLog [RMI TCP Connection(487)-127.0.0.1] Destroying Spring FrameworkServlet 'dispatcherServlet'
2023-03-25 20:10:05,798 WARN org.apache.juli.logging.DirectJDKLog [RMI TCP Connection(487)-127.0.0.1] The web application [ROOT] appears to have started a thread named [HikariPool-1 housekeeper] but has failed to stop it. This is very likely to create a memory leak. Stack trace of thread:
 java.base@17.0.4.1/jdk.internal.misc.Unsafe.park(Native Method)
 java.base@17.0.4.1/java.util.concurrent.locks.LockSupport.parkNanos(LockSupport.java:252)
 java.base@17.0.4.1/java.util.concurrent.locks.AbstractQueuedSynchronizer$ConditionObject.awaitNanos(AbstractQueuedSynchronizer.java:1672)
 java.base@17.0.4.1/java.util.concurrent.ScheduledThreadPoolExecutor$DelayedWorkQueue.take(ScheduledThreadPoolExecutor.java:1182)
 java.base@17.0.4.1/java.util.concurrent.ScheduledThreadPoolExecutor$DelayedWorkQueue.take(ScheduledThreadPoolExecutor.java:899)
 java.base@17.0.4.1/java.util.concurrent.ThreadPoolExecutor.getTask(ThreadPoolExecutor.java:1062)
 java.base@17.0.4.1/java.util.concurrent.ThreadPoolExecutor.runWorker(ThreadPoolExecutor.java:1122)
 java.base@17.0.4.1/java.util.concurrent.ThreadPoolExecutor$Worker.run(ThreadPoolExecutor.java:635)
 java.base@17.0.4.1/java.lang.Thread.run(Thread.java:833)
2023-03-25 20:10:05,800 INFO org.apache.juli.logging.DirectJDKLog [RMI TCP Connection(487)-127.0.0.1] Stopping ProtocolHandler ["http-nio-8080"]
2023-03-25 20:10:05,811 INFO org.apache.juli.logging.DirectJDKLog [RMI TCP Connection(487)-127.0.0.1] Destroying ProtocolHandler ["http-nio-8080"]
2023-03-25 20:10:05,835 INFO org.springframework.orm.jpa.AbstractEntityManagerFactoryBean [RMI TCP Connection(487)-127.0.0.1] Closing JPA EntityManagerFactory for persistence unit 'default'
2023-03-25 20:10:05,846 INFO com.zaxxer.hikari.HikariDataSource [RMI TCP Connection(487)-127.0.0.1] HikariPool-1 - Shutdown initiated...
2023-03-25 20:10:05,858 INFO com.zaxxer.hikari.HikariDataSource [RMI TCP Connection(487)-127.0.0.1] HikariPool-1 - Shutdown completed.
