2023-03-24 09:27:41,112 INFO org.hibernate.validator.internal.util.Version [background-preinit] HV000001: Hibernate Validator 6.2.5.Final
2023-03-24 09:27:41,148 INFO org.springframework.boot.StartupInfoLogger [restartedMain] Starting TheatreManagementApplication using Java 17.0.4.1 on DESKTOP-2F7T33D with PID 17444 (C:\Users\ADMIN\Documents\workspace-spring-tool-suite-4-4.16.1.RELEASE\manoj\theatremanagement\target\classes started by ADMIN in C:\Users\ADMIN\Documents\workspace-spring-tool-suite-4-4.16.1.RELEASE\manoj\theatremanagement)
2023-03-24 09:27:41,150 INFO org.springframework.boot.SpringApplication [restartedMain] No active profile set, falling back to 1 default profile: "default"
2023-03-24 09:27:41,275 INFO org.springframework.boot.logging.DeferredLog [restartedMain] Devtools property defaults active! Set 'spring.devtools.add-properties' to 'false' to disable
2023-03-24 09:27:41,276 INFO org.springframework.boot.logging.DeferredLog [restartedMain] For additional web related logging consider setting the 'logging.level.web' property to 'DEBUG'
2023-03-24 09:27:42,954 INFO org.springframework.data.repository.config.RepositoryConfigurationDelegate [restartedMain] Bootstrapping Spring Data JPA repositories in DEFAULT mode.
2023-03-24 09:27:43,081 INFO org.springframework.data.repository.config.RepositoryConfigurationDelegate [restartedMain] Finished Spring Data repository scanning in 114 ms. Found 8 JPA repository interfaces.
2023-03-24 09:27:43,980 INFO org.springframework.boot.web.embedded.tomcat.TomcatWebServer [restartedMain] Tomcat initialized with port(s): 8080 (http)
2023-03-24 09:27:43,998 INFO org.apache.juli.logging.DirectJDKLog [restartedMain] Initializing ProtocolHandler ["http-nio-8080"]
2023-03-24 09:27:43,999 INFO org.apache.juli.logging.DirectJDKLog [restartedMain] Starting service [Tomcat]
2023-03-24 09:27:44,000 INFO org.apache.juli.logging.DirectJDKLog [restartedMain] Starting Servlet engine: [Apache Tomcat/9.0.70]
2023-03-24 09:27:44,128 INFO org.apache.juli.logging.DirectJDKLog [restartedMain] Initializing Spring embedded WebApplicationContext
2023-03-24 09:27:44,128 INFO org.springframework.boot.web.servlet.context.ServletWebServerApplicationContext [restartedMain] Root WebApplicationContext: initialization completed in 2851 ms
2023-03-24 09:27:44,364 INFO org.hibernate.jpa.internal.util.LogHelper [restartedMain] HHH000204: Processing PersistenceUnitInfo [name: default]
2023-03-24 09:27:44,469 INFO org.hibernate.Version [restartedMain] HHH000412: Hibernate ORM core version 5.6.14.Final
2023-03-24 09:27:44,726 INFO org.hibernate.annotations.common.reflection.java.JavaReflectionManager [restartedMain] HCANN000001: Hibernate Commons Annotations {5.1.2.Final}
2023-03-24 09:27:44,879 INFO com.zaxxer.hikari.HikariDataSource [restartedMain] HikariPool-1 - Starting...
2023-03-24 09:27:44,887 WARN com.zaxxer.hikari.util.DriverDataSource [restartedMain] Registered driver with driverClassName=com.mysql.jdbc.Driver was not found, trying direct instantiation.
2023-03-24 09:27:45,319 INFO com.zaxxer.hikari.HikariDataSource [restartedMain] HikariPool-1 - Start completed.
2023-03-24 09:27:45,368 INFO org.hibernate.dialect.Dialect [restartedMain] HHH000400: Using dialect: org.hibernate.dialect.MySQL8Dialect
2023-03-24 09:27:46,722 INFO org.hibernate.engine.transaction.jta.platform.internal.JtaPlatformInitiator [restartedMain] HHH000490: Using JtaPlatform implementation: [org.hibernate.engine.transaction.jta.platform.internal.NoJtaPlatform]
2023-03-24 09:27:46,738 INFO org.springframework.orm.jpa.AbstractEntityManagerFactoryBean [restartedMain] Initialized JPA EntityManagerFactory for persistence unit 'default'
2023-03-24 09:27:47,850 WARN org.springframework.boot.autoconfigure.orm.jpa.JpaBaseConfiguration$JpaWebConfiguration [restartedMain] spring.jpa.open-in-view is enabled by default. Therefore, database queries may be performed during view rendering. Explicitly configure spring.jpa.open-in-view to disable this warning
2023-03-24 09:27:47,896 INFO org.springframework.boot.autoconfigure.web.servlet.WelcomePageHandlerMapping [restartedMain] Adding welcome page: class path resource [static/index.html]
2023-03-24 09:27:48,701 INFO org.springframework.security.web.DefaultSecurityFilterChain [restartedMain] Will secure any request with [org.springframework.security.web.session.DisableEncodeUrlFilter@54048cd2, org.springframework.security.web.context.request.async.WebAsyncManagerIntegrationFilter@26c889d0, org.springframework.security.web.context.SecurityContextPersistenceFilter@50820a71, org.springframework.security.web.header.HeaderWriterFilter@42187b14, org.springframework.web.filter.CorsFilter@3b0cc562, org.springframework.security.web.authentication.logout.LogoutFilter@39362383, com.example.demo.security.security.jwt.AuthTokenFilter@10b559b5, org.springframework.security.web.savedrequest.RequestCacheAwareFilter@1a1a78bf, org.springframework.security.web.servletapi.SecurityContextHolderAwareRequestFilter@a842c33, org.springframework.security.web.authentication.AnonymousAuthenticationFilter@56ee9725, org.springframework.security.web.session.SessionManagementFilter@45740b79, org.springframework.security.web.access.ExceptionTranslationFilter@43d2fa54, org.springframework.security.web.access.intercept.FilterSecurityInterceptor@6f73a9b3]
2023-03-24 09:27:49,163 INFO org.springframework.boot.devtools.autoconfigure.OptionalLiveReloadServer [restartedMain] LiveReload server is running on port 35729
2023-03-24 09:27:49,204 INFO org.apache.juli.logging.DirectJDKLog [restartedMain] Starting ProtocolHandler ["http-nio-8080"]
2023-03-24 09:27:49,247 INFO org.springframework.boot.web.embedded.tomcat.TomcatWebServer [restartedMain] Tomcat started on port(s): 8080 (http) with context path ''
2023-03-24 09:27:49,277 INFO org.springframework.boot.StartupInfoLogger [restartedMain] Started TheatreManagementApplication in 9.118 seconds (JVM running for 11.432)
2023-03-24 09:30:02,506 INFO org.apache.juli.logging.DirectJDKLog [http-nio-8080-exec-1] Initializing Spring DispatcherServlet 'dispatcherServlet'
2023-03-24 09:30:02,507 INFO org.springframework.web.servlet.FrameworkServlet [http-nio-8080-exec-1] Initializing Servlet 'dispatcherServlet'
2023-03-24 09:30:02,511 INFO org.springframework.web.servlet.FrameworkServlet [http-nio-8080-exec-1] Completed initialization in 4 ms
2023-03-24 09:30:07,416 INFO org.springdoc.api.AbstractOpenApiResource [http-nio-8080-exec-6] Init duration for springdoc-openapi is: 1579 ms
2023-03-24 11:17:11,225 INFO com.example.demo.controller.CinemaController [http-nio-8080-exec-2] get a allCinema
2023-03-24 11:18:22,673 INFO com.example.demo.controller.CinemaController [http-nio-8080-exec-7] get a allCinema
2023-03-24 11:18:50,920 INFO com.example.demo.controller.TheatreController [http-nio-8080-exec-8] get a alltheatre
2023-03-24 11:18:52,327 INFO com.example.demo.controller.CinemaController [http-nio-8080-exec-9] get a allCinema
2023-03-24 11:18:57,359 INFO com.example.demo.controller.TheatreController [http-nio-8080-exec-10] get a alltheatre
2023-03-24 11:18:58,149 INFO com.example.demo.controller.CinemaController [http-nio-8080-exec-1] get a allCinema
2023-03-24 11:23:11,511 INFO com.example.demo.controller.CinemaController [http-nio-8080-exec-4] get a allCinema
2023-03-24 11:23:16,128 INFO com.example.demo.controller.TheatreController [http-nio-8080-exec-5] get a alltheatre
2023-03-24 11:23:17,709 INFO com.example.demo.controller.CinemaController [http-nio-8080-exec-7] get a allCinema
2023-03-24 11:23:19,576 INFO com.example.demo.controller.TheatreController [http-nio-8080-exec-6] get a alltheatre
2023-03-24 11:23:22,369 INFO com.example.demo.controller.CinemaController [http-nio-8080-exec-8] get a allCinema
2023-03-24 11:24:15,759 INFO com.example.demo.controller.CinemaController [http-nio-8080-exec-9] get a allCinema
2023-03-24 11:24:24,220 INFO com.example.demo.controller.TheatreController [http-nio-8080-exec-10] get a alltheatre
2023-03-24 11:24:50,355 INFO com.example.demo.controller.CinemaController [http-nio-8080-exec-1] get a allCinema
2023-03-24 11:27:22,680 INFO com.example.demo.controller.CinemaController [http-nio-8080-exec-3] get a allCinema
2023-03-24 11:30:10,685 INFO com.example.demo.controller.CinemaController [http-nio-8080-exec-5] get a allCinema
2023-03-24 11:30:46,322 INFO com.example.demo.controller.CinemaController [http-nio-8080-exec-7] get a allCinema
2023-03-24 11:31:03,561 INFO com.example.demo.controller.CinemaController [http-nio-8080-exec-6] get a allCinema
2023-03-24 11:31:23,737 INFO com.example.demo.controller.CinemaController [http-nio-8080-exec-8] get a allCinema
2023-03-24 11:31:37,090 INFO com.example.demo.controller.TheatreController [http-nio-8080-exec-9] get a alltheatre
2023-03-24 11:31:43,186 INFO com.example.demo.controller.CinemaController [http-nio-8080-exec-10] get a allCinema
2023-03-24 11:32:54,482 INFO com.example.demo.controller.CinemaController [http-nio-8080-exec-2] get a allCinema
2023-03-24 11:33:02,822 INFO com.example.demo.controller.CinemaController [http-nio-8080-exec-3] get a allCinema
2023-03-24 11:33:27,689 INFO com.example.demo.controller.CinemaController [http-nio-8080-exec-4] get a allCinema
2023-03-24 11:33:37,315 INFO com.example.demo.controller.CinemaController [http-nio-8080-exec-5] get a allCinema
2023-03-24 11:52:18,756 INFO com.example.demo.controller.CinemaController [http-nio-8080-exec-8] get a allCinema
2023-03-24 11:56:36,662 INFO com.example.demo.controller.CinemaController [http-nio-8080-exec-10] get a allCinema
2023-03-24 12:01:11,700 INFO com.example.demo.controller.CinemaController [http-nio-8080-exec-2] get a allCinema
2023-03-24 12:01:34,700 INFO com.example.demo.controller.CinemaController [http-nio-8080-exec-3] get a allCinema
2023-03-24 12:02:20,539 INFO com.example.demo.controller.CinemaController [http-nio-8080-exec-4] get a allCinema
2023-03-24 12:04:10,085 INFO com.example.demo.controller.CinemaController [http-nio-8080-exec-7] get a allCinema
2023-03-24 12:04:26,307 INFO com.example.demo.controller.CinemaController [http-nio-8080-exec-6] get a allCinema
2023-03-24 12:04:38,174 INFO com.example.demo.controller.CinemaController [http-nio-8080-exec-8] get a allCinema
2023-03-24 12:04:58,926 INFO com.example.demo.controller.CinemaController [http-nio-8080-exec-9] get a allCinema
2023-03-24 12:05:01,397 INFO com.example.demo.controller.CinemaController [http-nio-8080-exec-10] get a allCinema
2023-03-24 12:05:42,131 INFO com.example.demo.controller.CinemaController [http-nio-8080-exec-1] get a allCinema
2023-03-24 12:05:59,630 INFO com.example.demo.controller.CinemaController [http-nio-8080-exec-2] get a allCinema
2023-03-24 12:06:01,658 INFO com.example.demo.controller.CinemaController [http-nio-8080-exec-3] get a allCinema
2023-03-24 12:06:27,674 INFO com.example.demo.controller.CinemaController [http-nio-8080-exec-4] get a allCinema
2023-03-24 12:06:30,031 INFO com.example.demo.controller.CinemaController [http-nio-8080-exec-5] get a allCinema
2023-03-24 12:06:41,461 INFO com.example.demo.controller.CinemaController [http-nio-8080-exec-7] get a allCinema
2023-03-24 12:06:54,348 INFO com.example.demo.controller.CinemaController [http-nio-8080-exec-6] get a allCinema
2023-03-24 12:07:09,672 INFO com.example.demo.controller.CinemaController [http-nio-8080-exec-8] get a allCinema
2023-03-24 12:07:16,946 INFO com.example.demo.controller.CinemaController [http-nio-8080-exec-9] get a allCinema
2023-03-24 12:07:30,704 INFO com.example.demo.controller.CinemaController [http-nio-8080-exec-10] get a allCinema
2023-03-24 12:09:31,559 INFO com.example.demo.controller.CinemaController [http-nio-8080-exec-2] get a allCinema
2023-03-24 12:09:32,913 INFO com.example.demo.controller.CinemaController [http-nio-8080-exec-3] get a allCinema
2023-03-24 12:10:21,825 INFO com.example.demo.controller.CinemaController [http-nio-8080-exec-4] get a allCinema
2023-03-24 12:10:51,543 INFO com.example.demo.controller.CinemaController [http-nio-8080-exec-5] get a allCinema
2023-03-24 12:10:53,813 INFO com.example.demo.controller.CinemaController [http-nio-8080-exec-7] get a allCinema
2023-03-24 12:18:31,742 INFO com.example.demo.controller.CinemaController [http-nio-8080-exec-8] get a allCinema
2023-03-24 12:18:40,187 INFO com.example.demo.controller.CinemaController [http-nio-8080-exec-9] get a allCinema
2023-03-24 12:18:46,498 INFO com.example.demo.controller.CinemaController [http-nio-8080-exec-10] get a allCinema
2023-03-24 12:19:51,171 INFO com.example.demo.controller.CinemaController [http-nio-8080-exec-2] get a allCinema
2023-03-24 12:19:53,984 INFO com.example.demo.controller.CinemaController [http-nio-8080-exec-3] get a allCinema
2023-03-24 12:22:03,708 INFO com.example.demo.controller.CinemaController [http-nio-8080-exec-5] get a allCinema
2023-03-24 12:22:41,753 INFO com.example.demo.controller.CinemaController [http-nio-8080-exec-6] get a allCinema
2023-03-24 12:22:49,366 INFO com.example.demo.controller.CinemaController [http-nio-8080-exec-8] get a allCinema
2023-03-24 12:24:32,744 INFO com.example.demo.controller.CinemaController [http-nio-8080-exec-10] get a allCinema
2023-03-24 12:24:38,170 INFO com.example.demo.controller.CinemaController [http-nio-8080-exec-1] get a allCinema
2023-03-24 12:27:11,736 INFO com.example.demo.controller.CinemaController [http-nio-8080-exec-3] get a allCinema
2023-03-24 12:27:51,712 INFO com.example.demo.controller.CinemaController [http-nio-8080-exec-4] get a allCinema
2023-03-24 12:27:55,786 INFO com.example.demo.controller.CinemaController [http-nio-8080-exec-5] get a allCinema
2023-03-24 12:29:05,723 INFO com.example.demo.controller.CinemaController [http-nio-8080-exec-6] get a allCinema
2023-03-24 12:29:11,687 INFO com.example.demo.controller.CinemaController [http-nio-8080-exec-8] get a allCinema
2023-03-24 12:30:03,533 INFO com.example.demo.controller.CinemaController [http-nio-8080-exec-10] get a theatre
2023-03-24 12:30:32,769 INFO com.example.demo.controller.CinemaController [http-nio-8080-exec-1] get a theatre
2023-03-24 12:30:36,902 INFO com.example.demo.controller.CinemaController [http-nio-8080-exec-2] get a allCinema
2023-03-24 12:30:47,104 INFO com.example.demo.controller.CinemaController [http-nio-8080-exec-4] get a Cinema
2023-03-24 12:32:57,695 INFO com.example.demo.controller.CinemaController [http-nio-8080-exec-7] get a allCinema
2023-03-24 12:33:12,861 INFO com.example.demo.controller.CinemaController [http-nio-8080-exec-8] get a theatre
2023-03-24 12:34:15,601 INFO com.example.demo.controller.CinemaController [http-nio-8080-exec-10] get a allCinema
2023-03-24 12:34:18,311 INFO com.example.demo.controller.CinemaController [http-nio-8080-exec-1] get a theatre
2023-03-24 12:37:47,722 INFO com.example.demo.controller.CinemaController [http-nio-8080-exec-3] get a allCinema
2023-03-24 12:37:53,024 INFO com.example.demo.controller.CinemaController [http-nio-8080-exec-4] get a theatre
2023-03-24 12:40:31,492 INFO com.example.demo.controller.CinemaController [http-nio-8080-exec-7] get a theatre
2023-03-24 12:42:26,707 INFO com.example.demo.controller.CinemaController [http-nio-8080-exec-8] get a allCinema
2023-03-24 12:46:13,235 INFO com.example.demo.controller.CinemaController [http-nio-8080-exec-10] get a theatre
2023-03-24 12:46:38,693 INFO com.example.demo.controller.CinemaController [http-nio-8080-exec-2] get a theatre
2023-03-24 12:46:41,258 INFO com.example.demo.controller.CinemaController [http-nio-8080-exec-3] get a allCinema
2023-03-24 12:49:28,416 INFO com.example.demo.controller.CinemaController [http-nio-8080-exec-8] get a allCinema
2023-03-24 12:50:09,230 INFO com.example.demo.controller.CinemaController [http-nio-8080-exec-1] get a theatre
2023-03-24 12:50:11,688 INFO com.example.demo.controller.CinemaController [http-nio-8080-exec-4] get a allCinema
2023-03-24 12:50:31,327 ERROR org.apache.juli.logging.DirectJDKLog [http-nio-8080-exec-7] Servlet.service() for servlet [dispatcherServlet] in context with path [] threw exception
org.springframework.security.web.firewall.RequestRejectedException: The request was rejected because the URL contained a potentially malicious String "//"
	at org.springframework.security.web.firewall.StrictHttpFirewall.rejectedBlocklistedUrls(StrictHttpFirewall.java:535)
	at org.springframework.security.web.firewall.StrictHttpFirewall.getFirewalledRequest(StrictHttpFirewall.java:505)
	at org.springframework.security.web.FilterChainProxy.doFilterInternal(FilterChainProxy.java:206)
	at org.springframework.security.web.FilterChainProxy.doFilter(FilterChainProxy.java:186)
	at org.springframework.web.filter.DelegatingFilterProxy.invokeDelegate(DelegatingFilterProxy.java:354)
	at org.springframework.web.filter.DelegatingFilterProxy.doFilter(DelegatingFilterProxy.java:267)
	at org.apache.catalina.core.ApplicationFilterChain.internalDoFilter(ApplicationFilterChain.java:189)
	at org.apache.catalina.core.ApplicationFilterChain.doFilter(ApplicationFilterChain.java:162)
	at org.springframework.web.filter.RequestContextFilter.doFilterInternal(RequestContextFilter.java:100)
	at org.springframework.web.filter.OncePerRequestFilter.doFilter(OncePerRequestFilter.java:117)
	at org.apache.catalina.core.ApplicationFilterChain.internalDoFilter(ApplicationFilterChain.java:189)
	at org.apache.catalina.core.ApplicationFilterChain.doFilter(ApplicationFilterChain.java:162)
	at org.springframework.web.filter.FormContentFilter.doFilterInternal(FormContentFilter.java:93)
	at org.springframework.web.filter.OncePerRequestFilter.doFilter(OncePerRequestFilter.java:117)
	at org.apache.catalina.core.ApplicationFilterChain.internalDoFilter(ApplicationFilterChain.java:189)
	at org.apache.catalina.core.ApplicationFilterChain.doFilter(ApplicationFilterChain.java:162)
	at org.springframework.web.filter.CharacterEncodingFilter.doFilterInternal(CharacterEncodingFilter.java:201)
	at org.springframework.web.filter.OncePerRequestFilter.doFilter(OncePerRequestFilter.java:117)
	at org.apache.catalina.core.ApplicationFilterChain.internalDoFilter(ApplicationFilterChain.java:189)
	at org.apache.catalina.core.ApplicationFilterChain.doFilter(ApplicationFilterChain.java:162)
	at org.apache.catalina.core.StandardWrapperValve.invoke(StandardWrapperValve.java:177)
	at org.apache.catalina.core.StandardContextValve.invoke(StandardContextValve.java:97)
	at org.apache.catalina.authenticator.AuthenticatorBase.invoke(AuthenticatorBase.java:541)
	at org.apache.catalina.core.StandardHostValve.invoke(StandardHostValve.java:135)
	at org.apache.catalina.valves.ErrorReportValve.invoke(ErrorReportValve.java:92)
	at org.apache.catalina.core.StandardEngineValve.invoke(StandardEngineValve.java:78)
	at org.apache.catalina.connector.CoyoteAdapter.service(CoyoteAdapter.java:360)
	at org.apache.coyote.http11.Http11Processor.service(Http11Processor.java:399)
	at org.apache.coyote.AbstractProcessorLight.process(AbstractProcessorLight.java:65)
	at org.apache.coyote.AbstractProtocol$ConnectionHandler.process(AbstractProtocol.java:891)
	at org.apache.tomcat.util.net.NioEndpoint$SocketProcessor.doRun(NioEndpoint.java:1784)
	at org.apache.tomcat.util.net.SocketProcessorBase.run(SocketProcessorBase.java:49)
	at org.apache.tomcat.util.threads.ThreadPoolExecutor.runWorker(ThreadPoolExecutor.java:1191)
	at org.apache.tomcat.util.threads.ThreadPoolExecutor$Worker.run(ThreadPoolExecutor.java:659)
	at org.apache.tomcat.util.threads.TaskThread$WrappingRunnable.run(TaskThread.java:61)
	at java.base/java.lang.Thread.run(Thread.java:833)
2023-03-24 12:50:31,460 ERROR com.example.demo.security.security.jwt.AuthEntryPointJwt [http-nio-8080-exec-7] Unauthorized error: Full authentication is required to access this resource
2023-03-24 12:50:51,782 INFO com.example.demo.controller.CinemaController [http-nio-8080-exec-9] get a theatre
2023-03-24 12:51:08,573 INFO com.example.demo.controller.CinemaController [http-nio-8080-exec-1] get a allCinema
2023-03-24 12:51:27,553 INFO com.example.demo.controller.CinemaController [http-nio-8080-exec-3] get a allCinema
2023-03-24 12:52:12,763 INFO com.example.demo.controller.CinemaController [http-nio-8080-exec-5] get a allCinema
2023-03-24 12:52:28,484 INFO com.example.demo.controller.CinemaController [http-nio-8080-exec-6] get a allCinema
2023-03-24 12:52:48,566 INFO com.example.demo.controller.CinemaController [http-nio-8080-exec-9] get a allCinema
2023-03-24 12:52:58,455 INFO com.example.demo.controller.CinemaController [http-nio-8080-exec-2] get a theatre
2023-03-24 12:53:32,718 INFO com.example.demo.controller.CinemaController [http-nio-8080-exec-4] get a theatre
2023-03-24 12:54:19,975 ERROR com.example.demo.security.security.jwt.AuthEntryPointJwt [http-nio-8080-exec-5] Unauthorized error: Full authentication is required to access this resource
2023-03-24 12:54:28,551 ERROR com.example.demo.security.security.jwt.AuthEntryPointJwt [http-nio-8080-exec-7] Unauthorized error: Full authentication is required to access this resource
2023-03-24 12:54:34,283 ERROR com.example.demo.security.security.jwt.AuthEntryPointJwt [http-nio-8080-exec-6] Unauthorized error: Full authentication is required to access this resource
2023-03-24 12:54:34,868 ERROR com.example.demo.security.security.jwt.AuthEntryPointJwt [http-nio-8080-exec-8] Unauthorized error: Full authentication is required to access this resource
2023-03-24 12:54:42,473 ERROR com.example.demo.security.security.jwt.AuthEntryPointJwt [http-nio-8080-exec-9] Unauthorized error: Full authentication is required to access this resource
2023-03-24 12:55:08,840 INFO com.example.demo.controller.CinemaController [http-nio-8080-exec-10] get a theatre
2023-03-24 12:55:12,987 INFO com.example.demo.controller.CinemaController [http-nio-8080-exec-1] get a theatre
2023-03-24 12:55:13,532 INFO com.example.demo.controller.CinemaController [http-nio-8080-exec-3] get a theatre
2023-03-24 12:55:14,798 INFO com.example.demo.controller.CinemaController [http-nio-8080-exec-4] get a theatre
2023-03-24 12:55:16,813 INFO com.example.demo.controller.CinemaController [http-nio-8080-exec-5] get a theatre
2023-03-24 12:55:17,182 INFO com.example.demo.controller.CinemaController [http-nio-8080-exec-7] get a theatre
2023-03-24 12:55:17,584 INFO com.example.demo.controller.CinemaController [http-nio-8080-exec-6] get a theatre
2023-03-24 12:55:20,000 INFO com.example.demo.controller.CinemaController [http-nio-8080-exec-8] get a theatre
2023-03-24 12:55:21,140 INFO com.example.demo.controller.CinemaController [http-nio-8080-exec-9] get a theatre
2023-03-24 12:56:55,673 INFO com.example.demo.controller.CinemaController [http-nio-8080-exec-1] get a allCinema
2023-03-24 12:57:00,478 INFO com.example.demo.controller.CinemaController [http-nio-8080-exec-2] get a theatre
2023-03-24 12:57:02,898 INFO com.example.demo.controller.CinemaController [http-nio-8080-exec-3] get a allCinema
2023-03-24 12:57:05,184 INFO com.example.demo.controller.CinemaController [http-nio-8080-exec-4] get a allCinema
2023-03-24 12:57:11,033 INFO com.example.demo.controller.CinemaController [http-nio-8080-exec-5] get a allCinema
2023-03-24 12:57:11,418 INFO com.example.demo.controller.CinemaController [http-nio-8080-exec-7] get a allCinema
2023-03-24 12:57:11,985 INFO com.example.demo.controller.CinemaController [http-nio-8080-exec-6] get a allCinema
2023-03-24 12:57:12,394 INFO com.example.demo.controller.CinemaController [http-nio-8080-exec-8] get a allCinema
2023-03-24 12:58:16,092 INFO com.example.demo.controller.CinemaController [http-nio-8080-exec-10] get a allCinema
2023-03-24 12:58:18,970 INFO com.example.demo.controller.CinemaController [http-nio-8080-exec-1] get a theatre
2023-03-24 12:58:22,347 INFO com.example.demo.controller.CinemaController [http-nio-8080-exec-2] get a allCinema
2023-03-24 12:58:23,830 INFO com.example.demo.controller.CinemaController [http-nio-8080-exec-3] get a allCinema
2023-03-24 12:58:24,196 INFO com.example.demo.controller.CinemaController [http-nio-8080-exec-4] get a allCinema
2023-03-24 12:59:16,488 INFO com.example.demo.controller.CinemaController [http-nio-8080-exec-5] get a theatre
2023-03-24 12:59:19,760 INFO com.example.demo.controller.CinemaController [http-nio-8080-exec-7] get a theatre
2023-03-24 12:59:21,710 INFO com.example.demo.controller.CinemaController [http-nio-8080-exec-6] get a theatre
2023-03-24 12:59:23,830 INFO com.example.demo.controller.CinemaController [http-nio-8080-exec-8] get a theatre
2023-03-24 12:59:48,548 INFO com.example.demo.controller.CinemaController [http-nio-8080-exec-9] get a theatre
2023-03-24 12:59:51,335 INFO com.example.demo.controller.CinemaController [http-nio-8080-exec-10] get a theatre
2023-03-24 12:59:52,923 INFO com.example.demo.controller.CinemaController [http-nio-8080-exec-1] get a theatre
2023-03-24 12:59:54,895 INFO com.example.demo.controller.CinemaController [http-nio-8080-exec-2] get a theatre
2023-03-24 13:00:08,822 INFO com.example.demo.controller.CinemaController [http-nio-8080-exec-3] get a theatre
2023-03-24 13:00:09,420 INFO com.example.demo.controller.CinemaController [http-nio-8080-exec-4] get a theatre
2023-03-24 13:00:10,152 INFO com.example.demo.controller.CinemaController [http-nio-8080-exec-5] get a theatre
2023-03-24 13:00:11,649 INFO com.example.demo.controller.CinemaController [http-nio-8080-exec-7] get a theatre
2023-03-24 13:00:13,299 INFO com.example.demo.controller.CinemaController [http-nio-8080-exec-8] get a theatre
2023-03-24 13:00:13,917 INFO com.example.demo.controller.CinemaController [http-nio-8080-exec-10] get a theatre
2023-03-24 13:00:15,800 INFO com.example.demo.controller.CinemaController [http-nio-8080-exec-1] get a theatre
2023-03-24 13:02:09,131 INFO com.example.demo.controller.CinemaController [http-nio-8080-exec-3] get a theatre
2023-03-24 13:02:11,708 INFO com.example.demo.controller.CinemaController [http-nio-8080-exec-4] get a theatre
2023-03-24 13:02:17,159 INFO com.example.demo.controller.CinemaController [http-nio-8080-exec-5] get a theatre
2023-03-24 13:02:19,513 INFO com.example.demo.controller.CinemaController [http-nio-8080-exec-7] get a theatre
2023-03-24 13:02:20,717 INFO com.example.demo.controller.CinemaController [http-nio-8080-exec-6] get a theatre
2023-03-24 13:02:22,111 INFO com.example.demo.controller.CinemaController [http-nio-8080-exec-8] get a theatre
2023-03-24 13:02:24,029 INFO com.example.demo.controller.CinemaController [http-nio-8080-exec-9] get a theatre
2023-03-24 13:02:25,167 INFO com.example.demo.controller.CinemaController [http-nio-8080-exec-10] get a theatre
2023-03-24 13:02:27,145 INFO com.example.demo.controller.CinemaController [http-nio-8080-exec-1] get a theatre
2023-03-24 13:02:28,434 INFO com.example.demo.controller.CinemaController [http-nio-8080-exec-2] get a theatre
2023-03-24 13:02:31,832 INFO com.example.demo.controller.CinemaController [http-nio-8080-exec-3] get a theatre
2023-03-24 13:02:40,566 INFO com.example.demo.controller.CinemaController [http-nio-8080-exec-4] get a theatre
2023-03-24 13:02:41,228 INFO com.example.demo.controller.CinemaController [http-nio-8080-exec-5] get a theatre
2023-03-24 13:02:42,903 INFO com.example.demo.controller.CinemaController [http-nio-8080-exec-7] get a theatre
2023-03-24 13:02:44,689 INFO com.example.demo.controller.CinemaController [http-nio-8080-exec-6] get a theatre
2023-03-24 13:02:45,784 INFO com.example.demo.controller.CinemaController [http-nio-8080-exec-9] get a theatre
2023-03-24 13:02:46,630 INFO com.example.demo.controller.CinemaController [http-nio-8080-exec-10] get a theatre
2023-03-24 13:02:48,024 INFO com.example.demo.controller.CinemaController [http-nio-8080-exec-1] get a theatre
2023-03-24 13:02:48,429 INFO com.example.demo.controller.CinemaController [http-nio-8080-exec-2] get a theatre
2023-03-24 13:02:48,837 INFO com.example.demo.controller.CinemaController [http-nio-8080-exec-3] get a theatre
2023-03-24 13:04:36,571 INFO com.example.demo.controller.CinemaController [http-nio-8080-exec-5] get a theatre
2023-03-24 13:04:37,197 INFO com.example.demo.controller.CinemaController [http-nio-8080-exec-7] get a theatre
2023-03-24 13:13:25,719 INFO com.example.demo.controller.CinemaController [http-nio-8080-exec-8] get a theatre
2023-03-24 13:13:26,146 INFO com.example.demo.controller.CinemaController [http-nio-8080-exec-9] get a theatre
2023-03-24 13:23:52,823 INFO com.example.demo.controller.CinemaController [http-nio-8080-exec-2] get a theatre
2023-03-24 14:30:29,993 WARN com.zaxxer.hikari.pool.HikariPool$HouseKeeper [HikariPool-1 housekeeper] HikariPool-1 - Thread starvation or clock leap detected (housekeeper delta=1h6m40s342ms382µs600ns).
2023-03-24 14:32:05,025 INFO com.example.demo.controller.CinemaController [http-nio-8080-exec-5] get a theatre
2023-03-24 14:32:06,772 INFO com.example.demo.controller.CinemaController [http-nio-8080-exec-6] get a theatre
2023-03-24 14:33:35,300 INFO com.example.demo.controller.CinemaController [http-nio-8080-exec-10] get a theatre
2023-03-24 14:33:44,284 INFO com.example.demo.controller.CinemaController [http-nio-8080-exec-1] get a theatre
2023-03-24 14:33:59,070 INFO com.example.demo.controller.CinemaController [http-nio-8080-exec-2] get a theatre
2023-03-24 14:40:53,023 INFO com.example.demo.controller.CinemaController [http-nio-8080-exec-5] get a theatre
2023-03-24 14:40:56,006 INFO com.example.demo.controller.CinemaController [http-nio-8080-exec-7] get a theatre
2023-03-24 14:40:58,604 INFO com.example.demo.controller.CinemaController [http-nio-8080-exec-8] get a theatre
2023-03-24 14:40:59,424 INFO com.example.demo.controller.CinemaController [http-nio-8080-exec-10] get a theatre
2023-03-24 14:41:01,801 INFO com.example.demo.controller.CinemaController [http-nio-8080-exec-1] get a theatre
2023-03-24 14:41:02,521 INFO com.example.demo.controller.CinemaController [http-nio-8080-exec-2] get a theatre
2023-03-24 14:41:06,737 INFO com.example.demo.controller.CinemaController [http-nio-8080-exec-3] get a theatre
2023-03-24 14:41:07,306 INFO com.example.demo.controller.CinemaController [http-nio-8080-exec-5] get a theatre
2023-03-24 14:41:10,025 INFO com.example.demo.controller.CinemaController [http-nio-8080-exec-7] get a theatre
2023-03-24 14:41:19,314 INFO com.example.demo.controller.CinemaController [http-nio-8080-exec-6] get a theatre
2023-03-24 14:41:20,086 INFO com.example.demo.controller.CinemaController [http-nio-8080-exec-9] get a theatre
2023-03-24 14:41:21,751 INFO com.example.demo.controller.CinemaController [http-nio-8080-exec-1] get a theatre
2023-03-24 14:41:22,118 INFO com.example.demo.controller.CinemaController [http-nio-8080-exec-2] get a theatre
2023-03-24 14:41:22,496 INFO com.example.demo.controller.CinemaController [http-nio-8080-exec-3] get a theatre
2023-03-24 14:42:16,089 INFO com.example.demo.controller.CinemaController [http-nio-8080-exec-5] get a theatre
2023-03-24 14:42:22,992 INFO com.example.demo.controller.CinemaController [http-nio-8080-exec-6] get a theatre
2023-03-24 14:42:27,204 INFO com.example.demo.controller.CinemaController [http-nio-8080-exec-9] get a theatre
2023-03-24 14:42:27,990 INFO com.example.demo.controller.CinemaController [http-nio-8080-exec-10] get a theatre
2023-03-24 14:42:28,434 INFO com.example.demo.controller.CinemaController [http-nio-8080-exec-2] get a theatre
2023-03-24 14:42:29,668 INFO com.example.demo.controller.CinemaController [http-nio-8080-exec-3] get a theatre
2023-03-24 14:42:31,770 INFO com.example.demo.controller.CinemaController [http-nio-8080-exec-4] get a theatre
2023-03-24 14:43:10,024 INFO com.example.demo.controller.CinemaController [http-nio-8080-exec-7] get a theatre
2023-03-24 14:43:41,664 INFO com.example.demo.controller.CinemaController [http-nio-8080-exec-8] get a theatre
2023-03-24 14:43:48,611 INFO com.example.demo.controller.CinemaController [http-nio-8080-exec-10] get a theatre
2023-03-24 14:48:43,676 INFO com.example.demo.controller.CinemaController [http-nio-8080-exec-2] get a theatre
2023-03-24 14:49:30,653 INFO com.example.demo.controller.CinemaController [http-nio-8080-exec-4] get a theatre
2023-03-24 14:49:41,278 INFO com.example.demo.controller.CinemaController [http-nio-8080-exec-7] get a theatre
2023-03-24 14:50:07,752 INFO com.example.demo.controller.CinemaController [http-nio-8080-exec-8] get a theatre
2023-03-24 14:50:09,956 INFO com.example.demo.controller.CinemaController [http-nio-8080-exec-9] get a theatre
2023-03-24 14:50:30,245 INFO com.example.demo.controller.CinemaController [http-nio-8080-exec-10] get a theatre
2023-03-24 14:50:32,874 INFO com.example.demo.controller.CinemaController [http-nio-8080-exec-1] get a theatre
2023-03-24 14:50:43,248 INFO com.example.demo.controller.CinemaController [http-nio-8080-exec-3] get a theatre
2023-03-24 14:50:44,842 INFO com.example.demo.controller.CinemaController [http-nio-8080-exec-5] get a theatre
2023-03-24 14:50:51,904 INFO com.example.demo.controller.CinemaController [http-nio-8080-exec-7] get a theatre
2023-03-24 14:50:53,790 INFO com.example.demo.controller.CinemaController [http-nio-8080-exec-6] get a theatre
2023-03-24 14:51:08,793 INFO com.example.demo.controller.CinemaController [http-nio-8080-exec-9] get a theatre
2023-03-24 14:51:10,302 INFO com.example.demo.controller.CinemaController [http-nio-8080-exec-10] get a theatre
2023-03-24 14:51:11,919 INFO com.example.demo.controller.CinemaController [http-nio-8080-exec-1] get a theatre
2023-03-24 14:51:13,425 INFO com.example.demo.controller.CinemaController [http-nio-8080-exec-2] get a theatre
2023-03-24 14:51:35,589 INFO com.example.demo.controller.CinemaController [http-nio-8080-exec-4] get a theatre
2023-03-24 14:51:49,478 INFO com.example.demo.controller.CinemaController [http-nio-8080-exec-7] get a theatre
2023-03-24 14:51:59,622 INFO com.example.demo.controller.CinemaController [http-nio-8080-exec-8] get a theatre
2023-03-24 14:52:23,618 INFO com.example.demo.controller.CinemaController [http-nio-8080-exec-10] get a theatre
2023-03-24 14:57:54,155 INFO com.example.demo.controller.CinemaController [http-nio-8080-exec-2] get a theatre
2023-03-24 14:57:57,345 INFO com.example.demo.controller.CinemaController [http-nio-8080-exec-3] get a theatre
2023-03-24 14:58:51,285 INFO com.example.demo.controller.CinemaController [http-nio-8080-exec-5] get a theatre
2023-03-24 14:59:15,447 INFO com.example.demo.controller.CinemaController [http-nio-8080-exec-6] get a theatre
2023-03-24 15:00:01,878 INFO com.example.demo.controller.CinemaController [http-nio-8080-exec-9] get a theatre
2023-03-24 15:01:26,608 INFO com.example.demo.controller.CinemaController [http-nio-8080-exec-1] get a theatre
2023-03-24 15:01:29,666 INFO com.example.demo.controller.CinemaController [http-nio-8080-exec-2] get a theatre
2023-03-24 15:01:43,037 INFO com.example.demo.controller.CinemaController [http-nio-8080-exec-3] get a theatre
2023-03-24 15:01:46,238 INFO com.example.demo.controller.CinemaController [http-nio-8080-exec-5] get a theatre
2023-03-24 15:02:02,608 INFO com.example.demo.controller.CinemaController [http-nio-8080-exec-7] get a theatre
2023-03-24 15:02:23,711 INFO com.example.demo.controller.CinemaController [http-nio-8080-exec-9] get a theatre
2023-03-24 15:02:38,659 INFO com.example.demo.controller.CinemaController [http-nio-8080-exec-1] get a theatre
2023-03-24 15:02:57,300 INFO com.example.demo.controller.CinemaController [http-nio-8080-exec-3] get a theatre
2023-03-24 15:03:00,476 INFO com.example.demo.controller.CinemaController [http-nio-8080-exec-4] get a theatre
2023-03-24 15:03:25,864 INFO com.example.demo.controller.CinemaController [http-nio-8080-exec-5] get a theatre
2023-03-24 15:03:29,440 INFO com.example.demo.controller.CinemaController [http-nio-8080-exec-7] get a theatre
2023-03-24 15:03:48,574 INFO com.example.demo.controller.CinemaController [http-nio-8080-exec-8] get a theatre
2023-03-24 15:04:33,677 INFO com.example.demo.controller.CinemaController [http-nio-8080-exec-10] get a theatre
2023-03-24 15:04:37,408 INFO com.example.demo.controller.CinemaController [http-nio-8080-exec-2] get a theatre
2023-03-24 15:04:59,243 INFO com.example.demo.controller.CinemaController [http-nio-8080-exec-4] get a theatre
2023-03-24 15:05:10,292 INFO com.example.demo.controller.CinemaController [http-nio-8080-exec-5] get a theatre
2023-03-24 15:05:33,309 INFO com.example.demo.controller.CinemaController [http-nio-8080-exec-6] get a theatre
2023-03-24 15:05:44,190 INFO com.example.demo.controller.CinemaController [http-nio-8080-exec-9] get a theatre
2023-03-24 15:05:58,212 INFO com.example.demo.controller.CinemaController [http-nio-8080-exec-1] get a theatre
2023-03-24 15:07:12,369 INFO com.example.demo.controller.CinemaController [http-nio-8080-exec-3] get a theatre
2023-03-24 15:07:14,939 INFO com.example.demo.controller.CinemaController [http-nio-8080-exec-4] get a theatre
2023-03-24 15:07:36,649 INFO com.example.demo.controller.CinemaController [http-nio-8080-exec-5] get a theatre
2023-03-24 15:07:49,291 INFO com.example.demo.controller.CinemaController [http-nio-8080-exec-7] get a theatre
2023-03-24 15:08:08,200 INFO com.example.demo.controller.CinemaController [http-nio-8080-exec-6] get a theatre
2023-03-24 15:08:27,447 INFO com.example.demo.controller.CinemaController [http-nio-8080-exec-9] get a theatre
2023-03-24 15:08:28,028 INFO com.example.demo.controller.CinemaController [http-nio-8080-exec-10] get a theatre
2023-03-24 15:08:30,055 INFO com.example.demo.controller.CinemaController [http-nio-8080-exec-1] get a theatre
2023-03-24 15:09:38,110 INFO com.example.demo.controller.CinemaController [http-nio-8080-exec-3] get a theatre
2023-03-24 15:09:41,694 INFO com.example.demo.controller.CinemaController [http-nio-8080-exec-4] get a theatre
2023-03-24 15:10:04,078 INFO com.example.demo.controller.CinemaController [http-nio-8080-exec-5] get a theatre
2023-03-24 15:10:07,278 INFO com.example.demo.controller.CinemaController [http-nio-8080-exec-7] get a theatre
2023-03-24 15:14:28,462 INFO com.example.demo.controller.CinemaController [http-nio-8080-exec-8] get a theatre
2023-03-24 15:14:57,529 INFO com.example.demo.controller.CinemaController [http-nio-8080-exec-10] get a theatre
2023-03-24 15:15:29,664 INFO com.example.demo.controller.CinemaController [http-nio-8080-exec-2] get a theatre
2023-03-24 15:18:03,566 INFO com.example.demo.controller.CinemaController [http-nio-8080-exec-4] get a theatre
2023-03-24 15:18:06,112 INFO com.example.demo.controller.CinemaController [http-nio-8080-exec-5] get a theatre
2023-03-24 15:18:37,121 INFO com.example.demo.controller.CinemaController [http-nio-8080-exec-7] get a theatre
2023-03-24 15:23:22,815 INFO com.example.demo.controller.CinemaController [http-nio-8080-exec-10] get a theatre
2023-03-24 15:23:22,956 INFO com.example.demo.controller.CinemaController [http-nio-8080-exec-9] creat Cinema
2023-03-24 15:23:27,668 INFO com.example.demo.controller.CinemaController [http-nio-8080-exec-1] get a theatre
2023-03-24 15:23:49,654 INFO com.example.demo.controller.CinemaController [http-nio-8080-exec-3] get a Cinema
2023-03-24 15:23:52,255 INFO com.example.demo.controller.CinemaController [http-nio-8080-exec-5] get a Cinema
2023-03-24 15:24:00,631 INFO com.example.demo.controller.CinemaController [http-nio-8080-exec-6] get a theatre
2023-03-24 15:24:01,236 INFO com.example.demo.controller.CinemaController [http-nio-8080-exec-10] get a theatre
2023-03-24 15:24:03,089 INFO com.example.demo.controller.CinemaController [http-nio-8080-exec-9] get a theatre
2023-03-24 15:24:03,962 INFO com.example.demo.controller.CinemaController [http-nio-8080-exec-1] get a theatre
2023-03-24 15:24:30,671 INFO com.example.demo.controller.CinemaController [http-nio-8080-exec-2] get a theatre
2023-03-24 15:30:24,859 INFO com.example.demo.controller.CinemaController [http-nio-8080-exec-4] get a theatre
2023-03-24 15:34:52,643 INFO com.example.demo.controller.CinemaController [http-nio-8080-exec-6] get a theatre
2023-03-24 15:35:04,134 INFO com.example.demo.controller.CinemaController [http-nio-8080-exec-1] get a theatre
2023-03-24 15:37:06,848 INFO com.example.demo.controller.CinemaController [http-nio-8080-exec-3] get a theatre
2023-03-24 15:49:51,623 INFO com.example.demo.controller.CinemaController [http-nio-8080-exec-5] get a theatre
2023-03-24 15:51:08,752 INFO com.example.demo.controller.CinemaController [http-nio-8080-exec-6] get a theatre
2023-03-24 16:14:53,033 INFO com.example.demo.controller.CinemaController [http-nio-8080-exec-9] get a theatre
2023-03-24 16:22:57,643 INFO com.example.demo.controller.CinemaController [http-nio-8080-exec-2] get a theatre
2023-03-24 16:25:10,578 INFO com.example.demo.controller.CinemaController [http-nio-8080-exec-5] get a theatre
2023-03-24 16:27:10,969 INFO com.example.demo.controller.TheatreController [http-nio-8080-exec-8] get a alltheatre
2023-03-24 16:28:36,587 INFO com.example.demo.controller.TheatreController [http-nio-8080-exec-2] get a alltheatre
2023-03-24 16:29:02,371 INFO com.example.demo.controller.TheatreController [http-nio-8080-exec-3] get a alltheatre
2023-03-24 16:29:15,327 INFO com.example.demo.controller.CinemaController [http-nio-8080-exec-5] get a theatre
2023-03-24 16:33:39,909 INFO com.example.demo.controller.CinemaController [http-nio-8080-exec-8] get a theatre
2023-03-24 16:34:57,882 INFO com.example.demo.controller.CinemaController [http-nio-8080-exec-4] get a theatre
2023-03-24 16:35:00,777 INFO com.example.demo.controller.CinemaController [http-nio-8080-exec-7] get a theatre
2023-03-24 16:39:12,876 INFO com.example.demo.controller.CinemaController [http-nio-8080-exec-6] get a theatre
2023-03-24 16:39:24,779 INFO com.example.demo.controller.CinemaController [http-nio-8080-exec-10] get a theatre
2023-03-24 18:43:28,671 INFO com.example.demo.controller.CinemaController [http-nio-8080-exec-2] get a theatre
2023-03-24 18:43:39,669 INFO com.example.demo.controller.CinemaController [http-nio-8080-exec-3] get a theatre
2023-03-24 18:43:49,431 INFO com.example.demo.controller.CinemaController [http-nio-8080-exec-4] get a theatre
2023-03-24 18:46:37,183 INFO com.example.demo.controller.CinemaController [http-nio-8080-exec-7] get a theatre
2023-03-24 18:49:30,082 INFO com.example.demo.controller.CinemaController [http-nio-8080-exec-2] get a theatre
2023-03-24 18:50:33,008 INFO com.example.demo.controller.CinemaController [http-nio-8080-exec-4] get a theatre
2023-03-24 18:50:55,712 INFO com.example.demo.controller.CinemaController [http-nio-8080-exec-7] get a theatre
2023-03-24 18:51:06,576 INFO com.example.demo.controller.CinemaController [http-nio-8080-exec-6] get a theatre
2023-03-24 18:58:07,680 INFO com.example.demo.controller.CinemaController [http-nio-8080-exec-10] get a theatre
2023-03-24 18:58:45,133 INFO com.example.demo.controller.CinemaController [http-nio-8080-exec-1] get a theatre
2023-03-24 18:59:19,258 INFO com.example.demo.controller.CinemaController [http-nio-8080-exec-3] get a theatre
2023-03-24 18:59:57,271 INFO com.example.demo.controller.CinemaController [http-nio-8080-exec-5] get a theatre
2023-03-24 19:33:30,122 WARN com.zaxxer.hikari.pool.HikariPool$HouseKeeper [HikariPool-1 housekeeper] HikariPool-1 - Thread starvation or clock leap detected (housekeeper delta=18m24s336ms523µs899ns).
2023-03-24 19:33:45,317 INFO org.springframework.boot.admin.SpringApplicationAdminMXBeanRegistrar$SpringApplicationAdmin [RMI TCP Connection(532)-127.0.0.1] Application shutdown requested.
2023-03-24 19:33:45,857 INFO org.apache.juli.logging.DirectJDKLog [RMI TCP Connection(532)-127.0.0.1] Pausing ProtocolHandler ["http-nio-8080"]
2023-03-24 19:33:45,860 INFO org.apache.juli.logging.DirectJDKLog [RMI TCP Connection(532)-127.0.0.1] Stopping service [Tomcat]
2023-03-24 19:33:45,889 INFO org.apache.juli.logging.DirectJDKLog [RMI TCP Connection(532)-127.0.0.1] Destroying Spring FrameworkServlet 'dispatcherServlet'
2023-03-24 19:33:45,977 WARN org.apache.juli.logging.DirectJDKLog [RMI TCP Connection(532)-127.0.0.1] The web application [ROOT] appears to have started a thread named [HikariPool-1 housekeeper] but has failed to stop it. This is very likely to create a memory leak. Stack trace of thread:
 java.base@17.0.4.1/jdk.internal.misc.Unsafe.park(Native Method)
 java.base@17.0.4.1/java.util.concurrent.locks.LockSupport.parkNanos(LockSupport.java:252)
 java.base@17.0.4.1/java.util.concurrent.locks.AbstractQueuedSynchronizer$ConditionObject.awaitNanos(AbstractQueuedSynchronizer.java:1672)
 java.base@17.0.4.1/java.util.concurrent.ScheduledThreadPoolExecutor$DelayedWorkQueue.take(ScheduledThreadPoolExecutor.java:1182)
 java.base@17.0.4.1/java.util.concurrent.ScheduledThreadPoolExecutor$DelayedWorkQueue.take(ScheduledThreadPoolExecutor.java:899)
 java.base@17.0.4.1/java.util.concurrent.ThreadPoolExecutor.getTask(ThreadPoolExecutor.java:1062)
 java.base@17.0.4.1/java.util.concurrent.ThreadPoolExecutor.runWorker(ThreadPoolExecutor.java:1122)
 java.base@17.0.4.1/java.util.concurrent.ThreadPoolExecutor$Worker.run(ThreadPoolExecutor.java:635)
 java.base@17.0.4.1/java.lang.Thread.run(Thread.java:833)
2023-03-24 19:33:45,989 INFO org.apache.juli.logging.DirectJDKLog [RMI TCP Connection(532)-127.0.0.1] Stopping ProtocolHandler ["http-nio-8080"]
2023-03-24 19:33:46,013 INFO org.apache.juli.logging.DirectJDKLog [RMI TCP Connection(532)-127.0.0.1] Destroying ProtocolHandler ["http-nio-8080"]
2023-03-24 19:33:46,067 INFO org.springframework.orm.jpa.AbstractEntityManagerFactoryBean [RMI TCP Connection(532)-127.0.0.1] Closing JPA EntityManagerFactory for persistence unit 'default'
2023-03-24 19:33:46,159 INFO com.zaxxer.hikari.HikariDataSource [RMI TCP Connection(532)-127.0.0.1] HikariPool-1 - Shutdown initiated...
2023-03-24 19:33:46,178 INFO com.zaxxer.hikari.HikariDataSource [RMI TCP Connection(532)-127.0.0.1] HikariPool-1 - Shutdown completed.
