2023-03-13 11:23:30,282 INFO org.springframework.boot.StartupInfoLogger [restartedMain] Starting TheatreManagementApplication using Java 17.0.4.1 on DESKTOP-2F7T33D with PID 11996 (C:\Users\ADMIN\Documents\workspace-spring-tool-suite-4-4.16.1.RELEASE\manoj\theatremanagement\target\classes started by ADMIN in C:\Users\ADMIN\Documents\workspace-spring-tool-suite-4-4.16.1.RELEASE\manoj\theatremanagement)
2023-03-13 11:23:30,283 INFO org.hibernate.validator.internal.util.Version [background-preinit] HV000001: Hibernate Validator 6.2.5.Final
2023-03-13 11:23:30,291 INFO org.springframework.boot.SpringApplication [restartedMain] No active profile set, falling back to 1 default profile: "default"
2023-03-13 11:23:30,399 INFO org.springframework.boot.logging.DeferredLog [restartedMain] Devtools property defaults active! Set 'spring.devtools.add-properties' to 'false' to disable
2023-03-13 11:23:30,401 INFO org.springframework.boot.logging.DeferredLog [restartedMain] For additional web related logging consider setting the 'logging.level.web' property to 'DEBUG'
2023-03-13 11:23:32,420 INFO org.springframework.data.repository.config.RepositoryConfigurationDelegate [restartedMain] Bootstrapping Spring Data JPA repositories in DEFAULT mode.
2023-03-13 11:23:32,580 INFO org.springframework.data.repository.config.RepositoryConfigurationDelegate [restartedMain] Finished Spring Data repository scanning in 145 ms. Found 8 JPA repository interfaces.
2023-03-13 11:23:33,667 INFO org.springframework.boot.web.embedded.tomcat.TomcatWebServer [restartedMain] Tomcat initialized with port(s): 8080 (http)
2023-03-13 11:23:33,685 INFO org.apache.juli.logging.DirectJDKLog [restartedMain] Initializing ProtocolHandler ["http-nio-8080"]
2023-03-13 11:23:33,686 INFO org.apache.juli.logging.DirectJDKLog [restartedMain] Starting service [Tomcat]
2023-03-13 11:23:33,686 INFO org.apache.juli.logging.DirectJDKLog [restartedMain] Starting Servlet engine: [Apache Tomcat/9.0.70]
2023-03-13 11:23:33,829 INFO org.apache.juli.logging.DirectJDKLog [restartedMain] Initializing Spring embedded WebApplicationContext
2023-03-13 11:23:33,830 INFO org.springframework.boot.web.servlet.context.ServletWebServerApplicationContext [restartedMain] Root WebApplicationContext: initialization completed in 3426 ms
2023-03-13 11:23:34,104 INFO org.hibernate.jpa.internal.util.LogHelper [restartedMain] HHH000204: Processing PersistenceUnitInfo [name: default]
2023-03-13 11:23:34,215 INFO org.hibernate.Version [restartedMain] HHH000412: Hibernate ORM core version 5.6.14.Final
2023-03-13 11:23:34,531 INFO org.hibernate.annotations.common.reflection.java.JavaReflectionManager [restartedMain] HCANN000001: Hibernate Commons Annotations {5.1.2.Final}
2023-03-13 11:23:34,722 INFO com.zaxxer.hikari.HikariDataSource [restartedMain] HikariPool-1 - Starting...
2023-03-13 11:23:34,732 WARN com.zaxxer.hikari.util.DriverDataSource [restartedMain] Registered driver with driverClassName=com.mysql.jdbc.Driver was not found, trying direct instantiation.
2023-03-13 11:23:35,303 INFO com.zaxxer.hikari.HikariDataSource [restartedMain] HikariPool-1 - Start completed.
2023-03-13 11:23:35,362 INFO org.hibernate.dialect.Dialect [restartedMain] HHH000400: Using dialect: org.hibernate.dialect.MySQL8Dialect
2023-03-13 11:23:36,936 INFO org.hibernate.engine.transaction.jta.platform.internal.JtaPlatformInitiator [restartedMain] HHH000490: Using JtaPlatform implementation: [org.hibernate.engine.transaction.jta.platform.internal.NoJtaPlatform]
2023-03-13 11:23:36,952 INFO org.springframework.orm.jpa.AbstractEntityManagerFactoryBean [restartedMain] Initialized JPA EntityManagerFactory for persistence unit 'default'
2023-03-13 11:23:38,167 WARN org.springframework.boot.autoconfigure.orm.jpa.JpaBaseConfiguration$JpaWebConfiguration [restartedMain] spring.jpa.open-in-view is enabled by default. Therefore, database queries may be performed during view rendering. Explicitly configure spring.jpa.open-in-view to disable this warning
2023-03-13 11:23:38,218 INFO org.springframework.boot.autoconfigure.web.servlet.WelcomePageHandlerMapping [restartedMain] Adding welcome page: class path resource [static/index.html]
2023-03-13 11:23:39,239 INFO org.springframework.security.web.DefaultSecurityFilterChain [restartedMain] Will secure any request with [org.springframework.security.web.session.DisableEncodeUrlFilter@7b7d45f4, org.springframework.security.web.context.request.async.WebAsyncManagerIntegrationFilter@5f5c4062, org.springframework.security.web.context.SecurityContextPersistenceFilter@7e9656bd, org.springframework.security.web.header.HeaderWriterFilter@28bc03c7, org.springframework.web.filter.CorsFilter@1c86c897, org.springframework.security.web.authentication.logout.LogoutFilter@58425cf0, com.example.demo.security.security.jwt.AuthTokenFilter@3baf80e7, org.springframework.security.web.savedrequest.RequestCacheAwareFilter@6f9a57e, org.springframework.security.web.servletapi.SecurityContextHolderAwareRequestFilter@7ba64dac, org.springframework.security.web.authentication.AnonymousAuthenticationFilter@7067d5cc, org.springframework.security.web.session.SessionManagementFilter@277f37bd, org.springframework.security.web.access.ExceptionTranslationFilter@7dbf8b0, org.springframework.security.web.access.intercept.FilterSecurityInterceptor@557e3f76]
2023-03-13 11:23:39,704 INFO org.springframework.boot.devtools.autoconfigure.OptionalLiveReloadServer [restartedMain] LiveReload server is running on port 35729
2023-03-13 11:23:39,770 INFO org.apache.juli.logging.DirectJDKLog [restartedMain] Starting ProtocolHandler ["http-nio-8080"]
2023-03-13 11:23:39,826 INFO org.springframework.boot.web.embedded.tomcat.TomcatWebServer [restartedMain] Tomcat started on port(s): 8080 (http) with context path ''
2023-03-13 11:23:39,864 INFO org.springframework.boot.StartupInfoLogger [restartedMain] Started TheatreManagementApplication in 10.382 seconds (JVM running for 11.842)
2023-03-13 11:23:46,834 INFO org.apache.juli.logging.DirectJDKLog [http-nio-8080-exec-1] Initializing Spring DispatcherServlet 'dispatcherServlet'
2023-03-13 11:23:46,834 INFO org.springframework.web.servlet.FrameworkServlet [http-nio-8080-exec-1] Initializing Servlet 'dispatcherServlet'
2023-03-13 11:23:46,838 INFO org.springframework.web.servlet.FrameworkServlet [http-nio-8080-exec-1] Completed initialization in 3 ms
2023-03-13 11:34:10,268 INFO com.example.demo.controller.CinemaController [http-nio-8080-exec-6] get a allCinema
2023-03-13 11:39:29,622 WARN org.springframework.web.servlet.handler.AbstractHandlerExceptionResolver [http-nio-8080-exec-8] Resolved [org.springframework.web.bind.MethodArgumentNotValidException: Validation failed for argument [0] in public org.springframework.http.ResponseEntity<com.example.demo.entity.Cinema> com.example.demo.controller.CinemaController.savecinema(com.example.demo.model.RequestCinema): [Field error in object 'requestCinema' on field 'movieName': rejected value [null]; codes [NotBlank.requestCinema.movieName,NotBlank.movieName,NotBlank.java.lang.String,NotBlank]; arguments [org.springframework.context.support.DefaultMessageSourceResolvable: codes [requestCinema.movieName,movieName]; arguments []; default message [movieName]]; default message [movieName is mandatory]] ]
2023-03-13 11:39:41,256 INFO com.example.demo.controller.CinemaController [http-nio-8080-exec-10] creat Cinema
2023-03-13 11:42:12,118 INFO com.example.demo.controller.CinemaController [http-nio-8080-exec-2] get a allCinema
2023-03-13 11:42:12,246 INFO com.example.demo.controller.CinemaController [http-nio-8080-exec-6] get a allCinema
2023-03-13 11:42:15,547 INFO com.example.demo.controller.CinemaController [http-nio-8080-exec-8] get a allCinema
2023-03-13 11:42:15,675 INFO com.example.demo.controller.CinemaController [http-nio-8080-exec-9] get a allCinema
2023-03-13 11:43:13,191 INFO com.example.demo.controller.CinemaController [http-nio-8080-exec-1] get a allCinema
2023-03-13 11:43:13,231 INFO com.example.demo.controller.CinemaController [http-nio-8080-exec-4] get a allCinema
2023-03-13 11:43:36,725 INFO com.example.demo.controller.CinemaController [http-nio-8080-exec-2] get a allCinema
2023-03-13 11:43:48,860 INFO com.example.demo.controller.CinemaController [http-nio-8080-exec-7] get a allCinema
2023-03-13 11:43:56,971 INFO com.example.demo.controller.CinemaController [http-nio-8080-exec-5] get a allCinema
2023-03-13 11:43:57,974 INFO com.example.demo.controller.CinemaController [http-nio-8080-exec-8] get a allCinema
2023-03-13 11:44:00,011 INFO com.example.demo.controller.CinemaController [http-nio-8080-exec-10] get a allCinema
2023-03-13 11:44:07,456 INFO com.example.demo.controller.CinemaController [http-nio-8080-exec-1] get a allCinema
2023-03-13 11:44:52,213 INFO com.example.demo.controller.CinemaController [http-nio-8080-exec-3] get a allCinema
2023-03-13 11:44:59,970 INFO com.example.demo.controller.CinemaController [http-nio-8080-exec-6] get a allCinema
2023-03-13 11:45:11,263 INFO com.example.demo.controller.CinemaController [http-nio-8080-exec-5] get a allCinema
2023-03-13 11:45:15,194 INFO com.example.demo.controller.CinemaController [http-nio-8080-exec-9] get a allCinema
2023-03-13 11:45:15,220 INFO com.example.demo.controller.CinemaController [http-nio-8080-exec-10] get a allCinema
2023-03-13 11:48:28,033 INFO com.example.demo.controller.CinemaController [http-nio-8080-exec-4] get a allCinema
2023-03-13 11:48:28,113 INFO com.example.demo.controller.CinemaController [http-nio-8080-exec-3] get a allCinema
2023-03-13 11:48:57,719 INFO com.example.demo.controller.CinemaController [http-nio-8080-exec-6] get a allCinema
2023-03-13 11:48:57,748 INFO com.example.demo.controller.CinemaController [http-nio-8080-exec-7] get a allCinema
2023-03-13 11:48:59,346 INFO com.example.demo.controller.CinemaController [http-nio-8080-exec-5] get a allCinema
2023-03-13 11:48:59,368 INFO com.example.demo.controller.CinemaController [http-nio-8080-exec-8] get a allCinema
2023-03-13 11:51:14,972 INFO com.example.demo.controller.CinemaController [http-nio-8080-exec-10] get a allCinema
2023-03-13 11:51:17,578 INFO com.example.demo.controller.CinemaController [http-nio-8080-exec-1] get a allCinema
2023-03-13 11:51:17,608 INFO com.example.demo.controller.CinemaController [http-nio-8080-exec-4] get a allCinema
2023-03-13 11:51:21,925 INFO com.example.demo.controller.CinemaController [http-nio-8080-exec-3] get a allCinema
2023-03-13 11:51:21,957 INFO com.example.demo.controller.CinemaController [http-nio-8080-exec-2] get a allCinema
2023-03-13 11:51:30,965 INFO com.example.demo.controller.CinemaController [http-nio-8080-exec-7] get a allCinema
2023-03-13 11:51:33,977 INFO com.example.demo.controller.CinemaController [http-nio-8080-exec-5] get a allCinema
2023-03-13 11:52:13,959 INFO com.example.demo.controller.CinemaController [http-nio-8080-exec-8] get a allCinema
2023-03-13 11:52:16,957 INFO com.example.demo.controller.CinemaController [http-nio-8080-exec-9] get a allCinema
2023-03-13 11:52:26,963 INFO com.example.demo.controller.CinemaController [http-nio-8080-exec-10] get a allCinema
2023-03-13 11:53:02,681 INFO com.example.demo.controller.CinemaController [http-nio-8080-exec-4] get a allCinema
2023-03-13 11:53:02,720 INFO com.example.demo.controller.CinemaController [http-nio-8080-exec-3] get a allCinema
2023-03-13 11:54:22,645 INFO com.example.demo.controller.CinemaController [http-nio-8080-exec-7] creat Cinema
2023-03-13 11:54:28,177 INFO com.example.demo.controller.CinemaController [http-nio-8080-exec-5] get a allCinema
2023-03-13 11:54:28,217 INFO com.example.demo.controller.CinemaController [http-nio-8080-exec-8] get a allCinema
2023-03-13 11:54:37,660 INFO com.example.demo.controller.CinemaController [http-nio-8080-exec-10] get a allCinema
2023-03-13 11:54:37,689 INFO com.example.demo.controller.CinemaController [http-nio-8080-exec-1] get a allCinema
2023-03-13 11:55:22,604 INFO com.example.demo.controller.CinemaController [http-nio-8080-exec-3] creat Cinema
2023-03-13 11:55:28,933 INFO com.example.demo.controller.CinemaController [http-nio-8080-exec-2] get a allCinema
2023-03-13 11:55:28,962 INFO com.example.demo.controller.CinemaController [http-nio-8080-exec-6] get a allCinema
2023-03-13 11:56:04,705 INFO com.example.demo.controller.CinemaController [http-nio-8080-exec-5] creat Cinema
2023-03-13 11:56:09,398 INFO com.example.demo.controller.CinemaController [http-nio-8080-exec-8] get a allCinema
2023-03-13 11:56:09,434 INFO com.example.demo.controller.CinemaController [http-nio-8080-exec-9] get a allCinema
2023-03-13 11:57:34,363 INFO com.example.demo.controller.CinemaController [http-nio-8080-exec-4] get a allCinema
2023-03-13 11:57:34,403 INFO com.example.demo.controller.CinemaController [http-nio-8080-exec-3] get a allCinema
2023-03-13 11:57:57,983 INFO com.example.demo.controller.CinemaController [http-nio-8080-exec-2] get a allCinema
2023-03-13 11:57:59,995 INFO com.example.demo.controller.CinemaController [http-nio-8080-exec-6] get a allCinema
2023-03-13 11:58:02,977 INFO com.example.demo.controller.CinemaController [http-nio-8080-exec-7] get a allCinema
2023-03-13 11:58:05,977 INFO com.example.demo.controller.CinemaController [http-nio-8080-exec-5] get a allCinema
2023-03-13 11:58:07,995 INFO com.example.demo.controller.CinemaController [http-nio-8080-exec-8] get a allCinema
2023-03-13 11:58:10,382 INFO com.example.demo.controller.CinemaController [http-nio-8080-exec-9] get a allCinema
2023-03-13 11:58:10,417 INFO com.example.demo.controller.CinemaController [http-nio-8080-exec-10] get a allCinema
2023-03-13 11:58:19,373 INFO com.example.demo.controller.CinemaController [http-nio-8080-exec-1] get a allCinema
2023-03-13 11:58:21,144 INFO com.example.demo.controller.CinemaController [http-nio-8080-exec-4] get a allCinema
2023-03-13 11:58:21,191 INFO com.example.demo.controller.CinemaController [http-nio-8080-exec-3] get a allCinema
2023-03-13 11:58:32,027 INFO com.example.demo.controller.CinemaController [http-nio-8080-exec-2] get a allCinema
2023-03-13 11:58:33,970 INFO com.example.demo.controller.CinemaController [http-nio-8080-exec-6] get a allCinema
2023-03-13 11:58:37,831 INFO com.example.demo.controller.CinemaController [http-nio-8080-exec-7] get a allCinema
2023-03-13 11:58:37,861 INFO com.example.demo.controller.CinemaController [http-nio-8080-exec-5] get a allCinema
2023-03-13 11:59:08,107 INFO com.example.demo.controller.CinemaController [http-nio-8080-exec-9] get a allCinema
2023-03-13 11:59:10,995 INFO com.example.demo.controller.CinemaController [http-nio-8080-exec-10] get a allCinema
2023-03-13 11:59:11,031 INFO com.example.demo.controller.CinemaController [http-nio-8080-exec-1] get a allCinema
2023-03-13 11:59:32,990 INFO com.example.demo.controller.CinemaController [http-nio-8080-exec-3] get a allCinema
2023-03-13 11:59:36,990 INFO com.example.demo.controller.CinemaController [http-nio-8080-exec-2] get a allCinema
2023-03-13 12:00:01,982 INFO com.example.demo.controller.CinemaController [http-nio-8080-exec-6] get a allCinema
2023-03-13 12:00:05,990 INFO com.example.demo.controller.CinemaController [http-nio-8080-exec-7] get a allCinema
2023-03-13 12:00:07,985 INFO com.example.demo.controller.CinemaController [http-nio-8080-exec-5] get a allCinema
2023-03-13 12:00:10,963 INFO com.example.demo.controller.CinemaController [http-nio-8080-exec-8] get a allCinema
2023-03-13 12:00:13,975 INFO com.example.demo.controller.CinemaController [http-nio-8080-exec-9] get a allCinema
2023-03-13 12:00:16,024 INFO com.example.demo.controller.CinemaController [http-nio-8080-exec-10] get a allCinema
2023-03-13 12:00:24,267 INFO com.example.demo.controller.CinemaController [http-nio-8080-exec-4] get a allCinema
2023-03-13 12:00:31,982 INFO com.example.demo.controller.CinemaController [http-nio-8080-exec-2] get a allCinema
2023-03-13 12:00:35,003 INFO com.example.demo.controller.CinemaController [http-nio-8080-exec-6] get a allCinema
2023-03-13 12:00:38,989 INFO com.example.demo.controller.CinemaController [http-nio-8080-exec-7] get a allCinema
2023-03-13 12:00:39,990 INFO com.example.demo.controller.CinemaController [http-nio-8080-exec-5] get a allCinema
2023-03-13 12:00:42,501 INFO com.example.demo.controller.CinemaController [http-nio-8080-exec-9] get a allCinema
2023-03-13 12:00:55,315 INFO com.example.demo.controller.CinemaController [http-nio-8080-exec-1] get a allCinema
2023-03-13 12:00:55,341 INFO com.example.demo.controller.CinemaController [http-nio-8080-exec-4] get a allCinema
2023-03-13 12:01:03,293 INFO com.example.demo.controller.CinemaController [http-nio-8080-exec-2] get a allCinema
2023-03-13 12:01:57,639 INFO com.example.demo.controller.CinemaController [http-nio-8080-exec-7] get a allCinema
2023-03-13 12:01:59,076 INFO com.example.demo.controller.CinemaController [http-nio-8080-exec-5] get a allCinema
2023-03-13 12:02:07,073 INFO com.example.demo.controller.CinemaController [http-nio-8080-exec-9] get a allCinema
2023-03-13 12:02:14,558 INFO com.example.demo.controller.CinemaController [http-nio-8080-exec-10] get a allCinema
2023-03-13 12:02:14,585 INFO com.example.demo.controller.CinemaController [http-nio-8080-exec-1] get a allCinema
2023-03-13 12:02:24,963 INFO com.example.demo.controller.CinemaController [http-nio-8080-exec-3] get a allCinema
2023-03-13 12:02:44,057 INFO com.example.demo.controller.CinemaController [http-nio-8080-exec-6] get a allCinema
2023-03-13 12:02:48,143 INFO com.example.demo.controller.CinemaController [http-nio-8080-exec-5] get a allCinema
2023-03-13 12:02:48,205 INFO com.example.demo.controller.CinemaController [http-nio-8080-exec-8] get a allCinema
2023-03-13 12:03:26,534 INFO com.example.demo.controller.CinemaController [http-nio-8080-exec-10] get a allCinema
2023-03-13 12:03:30,332 INFO com.example.demo.controller.CinemaController [http-nio-8080-exec-1] get a allCinema
2023-03-13 12:03:30,371 INFO com.example.demo.controller.CinemaController [http-nio-8080-exec-4] get a allCinema
2023-03-13 12:03:52,238 INFO com.example.demo.controller.CinemaController [http-nio-8080-exec-2] get a allCinema
2023-03-13 12:03:54,270 INFO com.example.demo.controller.CinemaController [http-nio-8080-exec-6] get a allCinema
2023-03-13 12:03:54,295 INFO com.example.demo.controller.CinemaController [http-nio-8080-exec-7] get a allCinema
2023-03-13 12:04:01,952 INFO com.example.demo.controller.CinemaController [http-nio-8080-exec-8] get a allCinema
2023-03-13 12:05:14,627 INFO com.example.demo.controller.CinemaController [http-nio-8080-exec-10] get a allCinema
2023-03-13 12:05:14,657 INFO com.example.demo.controller.CinemaController [http-nio-8080-exec-1] get a allCinema
2023-03-13 12:47:38,682 WARN com.zaxxer.hikari.pool.HikariPool$HouseKeeper [HikariPool-1 housekeeper] HikariPool-1 - Thread starvation or clock leap detected (housekeeper delta=6m1s821ms650µs800ns).
2023-03-13 13:49:37,675 WARN com.zaxxer.hikari.pool.HikariPool$HouseKeeper [HikariPool-1 housekeeper] HikariPool-1 - Thread starvation or clock leap detected (housekeeper delta=26m58s388ms167µs400ns).
2023-03-13 15:18:18,914 WARN com.zaxxer.hikari.pool.HikariPool$HouseKeeper [HikariPool-1 housekeeper] HikariPool-1 - Thread starvation or clock leap detected (housekeeper delta=59m11s294ms711µs800ns).
2023-03-13 15:25:23,109 INFO com.example.demo.controller.CinemaController [http-nio-8080-exec-2] get a allCinema
2023-03-13 15:25:56,783 INFO com.example.demo.controller.CinemaController [http-nio-8080-exec-7] get a allCinema
2023-03-13 15:25:56,816 INFO com.example.demo.controller.CinemaController [http-nio-8080-exec-5] get a allCinema
2023-03-13 15:26:25,260 INFO com.example.demo.controller.CinemaController [http-nio-8080-exec-9] get a allCinema
2023-03-13 15:26:25,285 INFO com.example.demo.controller.CinemaController [http-nio-8080-exec-10] get a allCinema
2023-03-13 15:27:10,095 INFO com.example.demo.controller.CinemaController [http-nio-8080-exec-4] get a allCinema
2023-03-13 15:27:10,114 INFO com.example.demo.controller.CinemaController [http-nio-8080-exec-3] get a allCinema
2023-03-13 15:27:17,402 INFO com.example.demo.controller.CinemaController [http-nio-8080-exec-2] get a allCinema
2023-03-13 15:27:17,423 INFO com.example.demo.controller.CinemaController [http-nio-8080-exec-6] get a allCinema
2023-03-13 15:29:20,166 ERROR com.example.demo.security.security.jwt.AuthEntryPointJwt [http-nio-8080-exec-8] Unauthorized error: Bad credentials
2023-03-13 15:46:46,562 ERROR com.example.demo.security.security.jwt.AuthEntryPointJwt [http-nio-8080-exec-10] Unauthorized error: Bad credentials
2023-03-13 15:46:51,173 ERROR com.example.demo.security.security.jwt.AuthEntryPointJwt [http-nio-8080-exec-1] Unauthorized error: Bad credentials
2023-03-13 16:25:26,142 INFO com.example.demo.controller.CinemaController [http-nio-8080-exec-2] get a allCinema
2023-03-13 16:25:26,195 INFO com.example.demo.controller.CinemaController [http-nio-8080-exec-6] get a allCinema
2023-03-13 16:25:39,742 INFO com.example.demo.controller.CinemaController [http-nio-8080-exec-8] get a allCinema
2023-03-13 16:25:39,772 INFO com.example.demo.controller.CinemaController [http-nio-8080-exec-9] get a allCinema
2023-03-13 16:31:25,911 INFO com.example.demo.controller.CinemaController [http-nio-8080-exec-5] get a allCinema
2023-03-13 16:37:27,453 INFO com.example.demo.controller.CinemaController [http-nio-8080-exec-9] get a allCinema
2023-03-13 16:38:35,982 INFO com.example.demo.controller.CinemaController [http-nio-8080-exec-1] get a allCinema
2023-03-13 16:38:37,984 INFO com.example.demo.controller.CinemaController [http-nio-8080-exec-4] get a allCinema
2023-03-13 16:38:40,973 INFO com.example.demo.controller.CinemaController [http-nio-8080-exec-3] get a allCinema
2023-03-13 16:38:46,010 INFO com.example.demo.controller.CinemaController [http-nio-8080-exec-6] get a allCinema
2023-03-13 16:38:59,988 INFO com.example.demo.controller.CinemaController [http-nio-8080-exec-5] get a allCinema
2023-03-13 16:39:00,970 INFO com.example.demo.controller.CinemaController [http-nio-8080-exec-8] get a allCinema
2023-03-13 16:39:03,970 INFO com.example.demo.controller.CinemaController [http-nio-8080-exec-9] get a allCinema
2023-03-13 16:39:22,979 INFO com.example.demo.controller.CinemaController [http-nio-8080-exec-1] get a allCinema
2023-03-13 16:39:32,976 INFO com.example.demo.controller.CinemaController [http-nio-8080-exec-3] get a allCinema
2023-03-13 16:39:38,061 INFO com.example.demo.controller.CinemaController [http-nio-8080-exec-6] get a allCinema
2023-03-13 16:39:40,984 INFO com.example.demo.controller.CinemaController [http-nio-8080-exec-7] get a allCinema
2023-03-13 16:48:53,999 INFO com.example.demo.controller.CinemaController [http-nio-8080-exec-8] get a allCinema
2023-03-13 16:49:44,941 INFO com.example.demo.controller.CinemaController [http-nio-8080-exec-10] get a allCinema
2023-03-13 16:49:50,305 INFO com.example.demo.controller.CinemaController [http-nio-8080-exec-3] get a allCinema
2023-03-13 16:50:10,307 INFO com.example.demo.controller.CinemaController [http-nio-8080-exec-6] get a allCinema
2023-03-13 16:50:14,997 INFO com.example.demo.controller.CinemaController [http-nio-8080-exec-7] get a allCinema
2023-03-13 16:50:18,883 INFO com.example.demo.controller.CinemaController [http-nio-8080-exec-5] get a allCinema
2023-03-13 16:50:34,377 INFO com.example.demo.controller.CinemaController [http-nio-8080-exec-8] get a allCinema
2023-03-13 16:50:34,411 INFO com.example.demo.controller.CinemaController [http-nio-8080-exec-9] get a allCinema
2023-03-13 16:50:35,374 INFO com.example.demo.controller.CinemaController [http-nio-8080-exec-10] get a allCinema
2023-03-13 16:50:50,861 INFO com.example.demo.controller.CinemaController [http-nio-8080-exec-1] get a allCinema
2023-03-13 16:50:51,773 INFO com.example.demo.controller.CinemaController [http-nio-8080-exec-4] get a allCinema
2023-03-13 16:50:55,095 INFO com.example.demo.controller.CinemaController [http-nio-8080-exec-3] get a allCinema
2023-03-13 16:50:55,129 INFO com.example.demo.controller.CinemaController [http-nio-8080-exec-2] get a allCinema
2023-03-13 16:50:59,002 INFO com.example.demo.controller.CinemaController [http-nio-8080-exec-7] get a allCinema
2023-03-13 16:53:16,816 INFO com.example.demo.controller.CinemaController [http-nio-8080-exec-8] get a allCinema
2023-03-13 17:06:30,375 INFO com.example.demo.controller.CinemaController [http-nio-8080-exec-1] get a allCinema
2023-03-13 17:07:52,276 INFO com.example.demo.controller.CinemaController [http-nio-8080-exec-3] get a allCinema
2023-03-13 17:08:06,780 INFO com.example.demo.controller.CinemaController [http-nio-8080-exec-2] get a allCinema
2023-03-13 17:08:44,926 INFO com.example.demo.controller.CinemaController [http-nio-8080-exec-6] get a allCinema
2023-03-13 17:08:47,361 INFO com.example.demo.controller.CinemaController [http-nio-8080-exec-7] get a allCinema
2023-03-13 17:09:08,652 INFO com.example.demo.controller.CinemaController [http-nio-8080-exec-5] get a allCinema
2023-03-13 17:13:05,217 ERROR com.example.demo.security.security.jwt.JwtUtils [http-nio-8080-exec-9] Invalid JWT token: JWT strings must contain exactly 2 period characters. Found: 0
2023-03-13 17:13:05,239 ERROR com.example.demo.security.security.jwt.AuthEntryPointJwt [http-nio-8080-exec-9] Unauthorized error: Full authentication is required to access this resource
2023-03-13 17:13:18,072 INFO com.example.demo.controller.CinemaController [http-nio-8080-exec-1] get a allCinema
2023-03-13 17:18:02,011 INFO com.example.demo.controller.CinemaController [http-nio-8080-exec-3] get a allCinema
2023-03-13 17:18:05,997 INFO com.example.demo.controller.CinemaController [http-nio-8080-exec-6] get a allCinema
2023-03-13 17:18:14,196 INFO com.example.demo.controller.CinemaController [http-nio-8080-exec-5] get a allCinema
2023-03-13 17:19:39,908 INFO com.example.demo.controller.CinemaController [http-nio-8080-exec-10] get a allCinema
2023-03-13 17:19:46,520 INFO com.example.demo.controller.CinemaController [http-nio-8080-exec-4] get a allCinema
2023-03-13 17:33:27,147 INFO com.example.demo.controller.CinemaController [http-nio-8080-exec-7] get a allCinema
2023-03-13 17:54:33,189 INFO com.example.demo.controller.CinemaController [http-nio-8080-exec-9] get a allCinema
2023-03-13 18:13:08,842 INFO com.example.demo.controller.CinemaController [http-nio-8080-exec-4] get a allCinema
2023-03-13 18:14:26,518 ERROR com.example.demo.security.security.jwt.AuthEntryPointJwt [http-nio-8080-exec-2] Unauthorized error: Bad credentials
2023-03-13 18:14:36,860 INFO com.example.demo.controller.CinemaController [http-nio-8080-exec-7] get a allCinema
2023-03-13 18:36:23,059 ERROR org.apache.juli.logging.DirectJDKLog [http-nio-8080-exec-8] Servlet.service() for servlet [dispatcherServlet] in context with path [] threw exception
org.springframework.security.web.firewall.RequestRejectedException: The request was rejected because the URL contained a potentially malicious String "//"
	at org.springframework.security.web.firewall.StrictHttpFirewall.rejectedBlocklistedUrls(StrictHttpFirewall.java:535)
	at org.springframework.security.web.firewall.StrictHttpFirewall.getFirewalledRequest(StrictHttpFirewall.java:505)
	at org.springframework.security.web.FilterChainProxy.doFilterInternal(FilterChainProxy.java:206)
	at org.springframework.security.web.FilterChainProxy.doFilter(FilterChainProxy.java:186)
	at org.springframework.web.filter.DelegatingFilterProxy.invokeDelegate(DelegatingFilterProxy.java:354)
	at org.springframework.web.filter.DelegatingFilterProxy.doFilter(DelegatingFilterProxy.java:267)
	at org.apache.catalina.core.ApplicationFilterChain.internalDoFilter(ApplicationFilterChain.java:189)
	at org.apache.catalina.core.ApplicationFilterChain.doFilter(ApplicationFilterChain.java:162)
	at org.springframework.web.filter.RequestContextFilter.doFilterInternal(RequestContextFilter.java:100)
	at org.springframework.web.filter.OncePerRequestFilter.doFilter(OncePerRequestFilter.java:117)
	at org.apache.catalina.core.ApplicationFilterChain.internalDoFilter(ApplicationFilterChain.java:189)
	at org.apache.catalina.core.ApplicationFilterChain.doFilter(ApplicationFilterChain.java:162)
	at org.springframework.web.filter.FormContentFilter.doFilterInternal(FormContentFilter.java:93)
	at org.springframework.web.filter.OncePerRequestFilter.doFilter(OncePerRequestFilter.java:117)
	at org.apache.catalina.core.ApplicationFilterChain.internalDoFilter(ApplicationFilterChain.java:189)
	at org.apache.catalina.core.ApplicationFilterChain.doFilter(ApplicationFilterChain.java:162)
	at org.springframework.web.filter.CharacterEncodingFilter.doFilterInternal(CharacterEncodingFilter.java:201)
	at org.springframework.web.filter.OncePerRequestFilter.doFilter(OncePerRequestFilter.java:117)
	at org.apache.catalina.core.ApplicationFilterChain.internalDoFilter(ApplicationFilterChain.java:189)
	at org.apache.catalina.core.ApplicationFilterChain.doFilter(ApplicationFilterChain.java:162)
	at org.apache.catalina.core.StandardWrapperValve.invoke(StandardWrapperValve.java:177)
	at org.apache.catalina.core.StandardContextValve.invoke(StandardContextValve.java:97)
	at org.apache.catalina.authenticator.AuthenticatorBase.invoke(AuthenticatorBase.java:541)
	at org.apache.catalina.core.StandardHostValve.invoke(StandardHostValve.java:135)
	at org.apache.catalina.valves.ErrorReportValve.invoke(ErrorReportValve.java:92)
	at org.apache.catalina.core.StandardEngineValve.invoke(StandardEngineValve.java:78)
	at org.apache.catalina.connector.CoyoteAdapter.service(CoyoteAdapter.java:360)
	at org.apache.coyote.http11.Http11Processor.service(Http11Processor.java:399)
	at org.apache.coyote.AbstractProcessorLight.process(AbstractProcessorLight.java:65)
	at org.apache.coyote.AbstractProtocol$ConnectionHandler.process(AbstractProtocol.java:891)
	at org.apache.tomcat.util.net.NioEndpoint$SocketProcessor.doRun(NioEndpoint.java:1784)
	at org.apache.tomcat.util.net.SocketProcessorBase.run(SocketProcessorBase.java:49)
	at org.apache.tomcat.util.threads.ThreadPoolExecutor.runWorker(ThreadPoolExecutor.java:1191)
	at org.apache.tomcat.util.threads.ThreadPoolExecutor$Worker.run(ThreadPoolExecutor.java:659)
	at org.apache.tomcat.util.threads.TaskThread$WrappingRunnable.run(TaskThread.java:61)
	at java.base/java.lang.Thread.run(Thread.java:833)
2023-03-13 18:36:23,293 ERROR com.example.demo.security.security.jwt.AuthEntryPointJwt [http-nio-8080-exec-8] Unauthorized error: Full authentication is required to access this resource
2023-03-13 18:36:24,079 ERROR com.example.demo.security.security.jwt.AuthEntryPointJwt [http-nio-8080-exec-9] Unauthorized error: Full authentication is required to access this resource
2023-03-13 18:36:36,178 INFO com.example.demo.controller.CinemaController [http-nio-8080-exec-3] get a allCinema
2023-03-13 18:39:18,731 INFO org.springframework.boot.admin.SpringApplicationAdminMXBeanRegistrar$SpringApplicationAdmin [RMI TCP Connection(355)-127.0.0.1] Application shutdown requested.
2023-03-13 18:39:18,883 INFO org.apache.juli.logging.DirectJDKLog [RMI TCP Connection(355)-127.0.0.1] Pausing ProtocolHandler ["http-nio-8080"]
2023-03-13 18:39:18,885 INFO org.apache.juli.logging.DirectJDKLog [RMI TCP Connection(355)-127.0.0.1] Stopping service [Tomcat]
2023-03-13 18:39:18,895 INFO org.apache.juli.logging.DirectJDKLog [RMI TCP Connection(355)-127.0.0.1] Destroying Spring FrameworkServlet 'dispatcherServlet'
2023-03-13 18:39:18,928 WARN org.apache.juli.logging.DirectJDKLog [RMI TCP Connection(355)-127.0.0.1] The web application [ROOT] appears to have started a thread named [HikariPool-1 housekeeper] but has failed to stop it. This is very likely to create a memory leak. Stack trace of thread:
 java.base@17.0.4.1/jdk.internal.misc.Unsafe.park(Native Method)
 java.base@17.0.4.1/java.util.concurrent.locks.LockSupport.parkNanos(LockSupport.java:252)
 java.base@17.0.4.1/java.util.concurrent.locks.AbstractQueuedSynchronizer$ConditionObject.awaitNanos(AbstractQueuedSynchronizer.java:1672)
 java.base@17.0.4.1/java.util.concurrent.ScheduledThreadPoolExecutor$DelayedWorkQueue.take(ScheduledThreadPoolExecutor.java:1182)
 java.base@17.0.4.1/java.util.concurrent.ScheduledThreadPoolExecutor$DelayedWorkQueue.take(ScheduledThreadPoolExecutor.java:899)
 java.base@17.0.4.1/java.util.concurrent.ThreadPoolExecutor.getTask(ThreadPoolExecutor.java:1062)
 java.base@17.0.4.1/java.util.concurrent.ThreadPoolExecutor.runWorker(ThreadPoolExecutor.java:1122)
 java.base@17.0.4.1/java.util.concurrent.ThreadPoolExecutor$Worker.run(ThreadPoolExecutor.java:635)
 java.base@17.0.4.1/java.lang.Thread.run(Thread.java:833)
2023-03-13 18:39:18,937 INFO org.apache.juli.logging.DirectJDKLog [RMI TCP Connection(355)-127.0.0.1] Stopping ProtocolHandler ["http-nio-8080"]
2023-03-13 18:39:18,952 INFO org.apache.juli.logging.DirectJDKLog [RMI TCP Connection(355)-127.0.0.1] Destroying ProtocolHandler ["http-nio-8080"]
2023-03-13 18:39:18,998 INFO org.springframework.orm.jpa.AbstractEntityManagerFactoryBean [RMI TCP Connection(355)-127.0.0.1] Closing JPA EntityManagerFactory for persistence unit 'default'
2023-03-13 18:39:19,156 INFO com.zaxxer.hikari.HikariDataSource [RMI TCP Connection(355)-127.0.0.1] HikariPool-1 - Shutdown initiated...
2023-03-13 18:39:19,246 INFO com.zaxxer.hikari.HikariDataSource [RMI TCP Connection(355)-127.0.0.1] HikariPool-1 - Shutdown completed.
